2023-03-09 14:44:21.893 +0530 [debug] ([34mconfigs.js[0m) [31mloaded default configs as "{"updates":{"manifest_url":"https://cdn.freshdev.io/assets/fdk/updates.json","period":24},"log":{"level":"info"},"javascript":{"ecma_version":2020},"request":{"timeout":5000}}"[0m
2023-03-09 14:44:21.896 +0530 [debug] ([34mfile.js[0m) [31mError while requiring C:\Users\Admin/.fdk/configs.json: Cannot find module 'C:\Users\Admin/.fdk/configs.json'
Require stack:
- C:\Users\Admin\AppData\Roaming\npm\node_modules\fdk\lib\utils\file.js
- C:\Users\Admin\AppData\Roaming\npm\node_modules\fdk\lib\configs.js
- C:\Users\Admin\AppData\Roaming\npm\node_modules\fdk\lib\logger.js
- C:\Users\Admin\AppData\Roaming\npm\node_modules\fdk\index.js[0m
2023-03-09 14:44:21.896 +0530 [debug] ([34mconfigs.js[0m) [31mloaded global configs as "{}"[0m
2023-03-09 14:44:21.896 +0530 [debug] ([34mfile.js[0m) [31mError while requiring C:\Users\Admin\Desktop\FreshWorks\serverless/.fdk/configs.json: Cannot find module 'C:\Users\Admin\Desktop\FreshWorks\serverless/.fdk/configs.json'
Require stack:
- C:\Users\Admin\AppData\Roaming\npm\node_modules\fdk\lib\utils\file.js
- C:\Users\Admin\AppData\Roaming\npm\node_modules\fdk\lib\configs.js
- C:\Users\Admin\AppData\Roaming\npm\node_modules\fdk\lib\logger.js
- C:\Users\Admin\AppData\Roaming\npm\node_modules\fdk\index.js[0m
2023-03-09 14:44:21.897 +0530 [debug] ([34mconfigs.js[0m) [31mloaded local configs as "{}"[0m
2023-03-09 14:44:21.897 +0530 [debug] ([34mconfigs.js[0m) [31mloaded env configs as "{"updates":{},"log":{},"javascript":{},"request":{"timeout":5000}}"[0m
2023-03-09 14:44:21.897 +0530 [debug] ([34mconfigs.js[0m) [31mloaded resolved configs as "{"updates":{"manifest_url":"https://cdn.freshdev.io/assets/fdk/updates.json","period":24},"log":{"level":"info"},"javascript":{"ecma_version":2020},"request":{"timeout":5000}}"[0m
2023-03-09 14:44:21.897 +0530 [debug] ([34mlogger.js[0m) [31mStarting FDK in node v18.14.2 on win32[0m
2023-03-09 14:44:21.897 +0530 [debug] ([34msequelize.js[0m) [31msetting up sqilite at "C:\Users\Admin\Desktop\FreshWorks\serverless/.fdk/store.sqlite"[0m
2023-03-09 14:44:21.898 +0530 [debug] ([34mdata.js[0m) [31mRead {"version_details":{"cli":{"deprecated":{"version":"<9","message":"This FDK version will be deprecated by July 31, 2023 There will be no further feature updates to this version. For a seamless app building experience, ensure to move to the latest FDK version. For more information, see https://developers.freshdesk.com/v2/docs/migration-overview/#latest_platform_version_migration."},"forced":{"version":"7.0.0","command":"npm install https://dl.freshdev.io/cli/fdk-7.0.0.tgz -g","message":"Your FDK version has been forced updated to v7.0.0, please visit https://community.developers.freshworks.com/t/fdk-v7-0-announcing-node-js-v12-and-es6-support/3606 to know more"},"latest":{"version":"9.0.0","command":"npm install https://cdn.freshdev.io/fdk/latest.tgz -g","message":"You are on the latest FDK version. For information on the features available as part of this FDK version, see https://developers.freshdesk.com/v2/docs/what's-new/ ."}},"addon":{"version":"1.13.0","url":"https://cdn.freshdev.io/assets/fdk/addons/addon.zip"}},"last_updated":{"time_stamp":1678352331245}}[0m
2023-03-09 14:44:21.898 +0530 [debug] ([34mupdater.js[0m) [31mlast check less than 24 hours ago, not looking for updates[0m
2023-03-09 14:44:21.904 +0530 [debug] ([34mindex.js[0m) [31mrunning with opts {}[0m
2023-03-09 14:44:21.934 +0530 [debug] ([34mdata.js[0m) [31mRead {"version_details":{"cli":{"deprecated":{"version":"<9","message":"This FDK version will be deprecated by July 31, 2023 There will be no further feature updates to this version. For a seamless app building experience, ensure to move to the latest FDK version. For more information, see https://developers.freshdesk.com/v2/docs/migration-overview/#latest_platform_version_migration."},"forced":{"version":"7.0.0","command":"npm install https://dl.freshdev.io/cli/fdk-7.0.0.tgz -g","message":"Your FDK version has been forced updated to v7.0.0, please visit https://community.developers.freshworks.com/t/fdk-v7-0-announcing-node-js-v12-and-es6-support/3606 to know more"},"latest":{"version":"9.0.0","command":"npm install https://cdn.freshdev.io/fdk/latest.tgz -g","message":"You are on the latest FDK version. For information on the features available as part of this FDK version, see https://developers.freshdesk.com/v2/docs/what's-new/ ."}},"addon":{"version":"1.13.0","url":"https://cdn.freshdev.io/assets/fdk/addons/addon.zip"}},"last_updated":{"time_stamp":1678352331245}}[0m
2023-03-09 14:44:21.941 +0530 [debug] ([34mcreate.js[0m) [31m'init' called with C:\Users\Admin\Desktop\FreshWorks\serverless, undefined, undefined[0m
2023-03-09 14:44:40.522 +0530 [debug] ([34mcreate.js[0m) [31mInitializing template "your_first_serverless_app" with product "freshdesk".[0m
2023-03-09 14:44:40.635 +0530 [info] A new Freshdesk app was successfully created from template "your_first_serverless_app" with the following files.

2023-03-09 14:44:50.124 +0530 [debug] ([34mconfigs.js[0m) [31mloaded default configs as "{"updates":{"manifest_url":"https://cdn.freshdev.io/assets/fdk/updates.json","period":24},"log":{"level":"info"},"javascript":{"ecma_version":2020},"request":{"timeout":5000}}"[0m
2023-03-09 14:44:50.126 +0530 [debug] ([34mfile.js[0m) [31mError while requiring C:\Users\Admin/.fdk/configs.json: Cannot find module 'C:\Users\Admin/.fdk/configs.json'
Require stack:
- C:\Users\Admin\AppData\Roaming\npm\node_modules\fdk\lib\utils\file.js
- C:\Users\Admin\AppData\Roaming\npm\node_modules\fdk\lib\configs.js
- C:\Users\Admin\AppData\Roaming\npm\node_modules\fdk\lib\logger.js
- C:\Users\Admin\AppData\Roaming\npm\node_modules\fdk\index.js[0m
2023-03-09 14:44:50.126 +0530 [debug] ([34mconfigs.js[0m) [31mloaded global configs as "{}"[0m
2023-03-09 14:44:50.126 +0530 [debug] ([34mfile.js[0m) [31mError while requiring C:\Users\Admin\Desktop\FreshWorks\serverless/.fdk/configs.json: Cannot find module 'C:\Users\Admin\Desktop\FreshWorks\serverless/.fdk/configs.json'
Require stack:
- C:\Users\Admin\AppData\Roaming\npm\node_modules\fdk\lib\utils\file.js
- C:\Users\Admin\AppData\Roaming\npm\node_modules\fdk\lib\configs.js
- C:\Users\Admin\AppData\Roaming\npm\node_modules\fdk\lib\logger.js
- C:\Users\Admin\AppData\Roaming\npm\node_modules\fdk\index.js[0m
2023-03-09 14:44:50.126 +0530 [debug] ([34mconfigs.js[0m) [31mloaded local configs as "{}"[0m
2023-03-09 14:44:50.127 +0530 [debug] ([34mconfigs.js[0m) [31mloaded env configs as "{"updates":{},"log":{},"javascript":{},"request":{"timeout":5000}}"[0m
2023-03-09 14:44:50.127 +0530 [debug] ([34mconfigs.js[0m) [31mloaded resolved configs as "{"updates":{"manifest_url":"https://cdn.freshdev.io/assets/fdk/updates.json","period":24},"log":{"level":"info"},"javascript":{"ecma_version":2020},"request":{"timeout":5000}}"[0m
2023-03-09 14:44:50.127 +0530 [debug] ([34mlogger.js[0m) [31mStarting FDK in node v18.14.2 on win32[0m
2023-03-09 14:44:50.127 +0530 [debug] ([34msequelize.js[0m) [31msetting up sqilite at "C:\Users\Admin\Desktop\FreshWorks\serverless/.fdk/store.sqlite"[0m
2023-03-09 14:44:50.127 +0530 [debug] ([34mdata.js[0m) [31mRead {"version_details":{"cli":{"deprecated":{"version":"<9","message":"This FDK version will be deprecated by July 31, 2023 There will be no further feature updates to this version. For a seamless app building experience, ensure to move to the latest FDK version. For more information, see https://developers.freshdesk.com/v2/docs/migration-overview/#latest_platform_version_migration."},"forced":{"version":"7.0.0","command":"npm install https://dl.freshdev.io/cli/fdk-7.0.0.tgz -g","message":"Your FDK version has been forced updated to v7.0.0, please visit https://community.developers.freshworks.com/t/fdk-v7-0-announcing-node-js-v12-and-es6-support/3606 to know more"},"latest":{"version":"9.0.0","command":"npm install https://cdn.freshdev.io/fdk/latest.tgz -g","message":"You are on the latest FDK version. For information on the features available as part of this FDK version, see https://developers.freshdesk.com/v2/docs/what's-new/ ."}},"addon":{"version":"1.13.0","url":"https://cdn.freshdev.io/assets/fdk/addons/addon.zip"}},"last_updated":{"time_stamp":1678352331245}}[0m
2023-03-09 14:44:50.127 +0530 [debug] ([34mupdater.js[0m) [31mlast check less than 24 hours ago, not looking for updates[0m
2023-03-09 14:44:50.130 +0530 [debug] ([34mindex.js[0m) [31mrunning with opts {}[0m
2023-03-09 14:44:50.344 +0530 [debug] ([34mmanifest.js[0m) [31mReloading manifest with {"platform-version":"2.3","product":{"freshdesk":{"events":{"onTicketCreate":{"handler":"onTicketCreateHandler"}}}},"engines":{"node":"18.14.2","fdk":"9.0.0"}}.[0m
2023-03-09 14:44:50.344 +0530 [debug] ([34mmanifest.js[0m) [31mInferred db,backend as features.[0m
2023-03-09 14:44:50.346 +0530 [debug] ([34mdata.js[0m) [31mRead {"version_details":{"cli":{"deprecated":{"version":"<9","message":"This FDK version will be deprecated by July 31, 2023 There will be no further feature updates to this version. For a seamless app building experience, ensure to move to the latest FDK version. For more information, see https://developers.freshdesk.com/v2/docs/migration-overview/#latest_platform_version_migration."},"forced":{"version":"7.0.0","command":"npm install https://dl.freshdev.io/cli/fdk-7.0.0.tgz -g","message":"Your FDK version has been forced updated to v7.0.0, please visit https://community.developers.freshworks.com/t/fdk-v7-0-announcing-node-js-v12-and-es6-support/3606 to know more"},"latest":{"version":"9.0.0","command":"npm install https://cdn.freshdev.io/fdk/latest.tgz -g","message":"You are on the latest FDK version. For information on the features available as part of this FDK version, see https://developers.freshdesk.com/v2/docs/what's-new/ ."}},"addon":{"version":"1.13.0","url":"https://cdn.freshdev.io/assets/fdk/addons/addon.zip"}},"last_updated":{"time_stamp":1678352331245}}[0m
2023-03-09 14:44:50.362 +0530 [debug] ([34mdata.js[0m) [31mRead {"version_details":{"cli":{"deprecated":{"version":"<9","message":"This FDK version will be deprecated by July 31, 2023 There will be no further feature updates to this version. For a seamless app building experience, ensure to move to the latest FDK version. For more information, see https://developers.freshdesk.com/v2/docs/migration-overview/#latest_platform_version_migration."},"forced":{"version":"7.0.0","command":"npm install https://dl.freshdev.io/cli/fdk-7.0.0.tgz -g","message":"Your FDK version has been forced updated to v7.0.0, please visit https://community.developers.freshworks.com/t/fdk-v7-0-announcing-node-js-v12-and-es6-support/3606 to know more"},"latest":{"version":"9.0.0","command":"npm install https://cdn.freshdev.io/fdk/latest.tgz -g","message":"You are on the latest FDK version. For information on the features available as part of this FDK version, see https://developers.freshdesk.com/v2/docs/what's-new/ ."}},"addon":{"version":"1.13.0","url":"https://cdn.freshdev.io/assets/fdk/addons/addon.zip"}},"last_updated":{"time_stamp":1678352331245}}[0m
2023-03-09 14:44:50.577 +0530 [debug] ([34mfile.js[0m) [31mError while requiring C:\Users\Admin\Desktop\FreshWorks\serverless/.report.json: Cannot find module 'C:\Users\Admin\Desktop\FreshWorks\serverless/.report.json'
Require stack:
- C:\Users\Admin\AppData\Roaming\npm\node_modules\fdk\lib\utils\file.js
- C:\Users\Admin\AppData\Roaming\npm\node_modules\fdk\lib\configs.js
- C:\Users\Admin\AppData\Roaming\npm\node_modules\fdk\lib\logger.js
- C:\Users\Admin\AppData\Roaming\npm\node_modules\fdk\index.js[0m
2023-03-09 14:44:51.478 +0530 [debug] ([34mdata.js[0m) [31mRead {"version_details":{"cli":{"deprecated":{"version":"<9","message":"This FDK version will be deprecated by July 31, 2023 There will be no further feature updates to this version. For a seamless app building experience, ensure to move to the latest FDK version. For more information, see https://developers.freshdesk.com/v2/docs/migration-overview/#latest_platform_version_migration."},"forced":{"version":"7.0.0","command":"npm install https://dl.freshdev.io/cli/fdk-7.0.0.tgz -g","message":"Your FDK version has been forced updated to v7.0.0, please visit https://community.developers.freshworks.com/t/fdk-v7-0-announcing-node-js-v12-and-es6-support/3606 to know more"},"latest":{"version":"9.0.0","command":"npm install https://cdn.freshdev.io/fdk/latest.tgz -g","message":"You are on the latest FDK version. For information on the features available as part of this FDK version, see https://developers.freshdesk.com/v2/docs/what's-new/ ."}},"addon":{"version":"1.13.0","url":"https://cdn.freshdev.io/assets/fdk/addons/addon.zip"}},"last_updated":{"time_stamp":1678352331245}}[0m
2023-03-09 14:44:52.471 +0530 [debug] ([34mvalidate.js[0m) [31masked to skip the following validations, [0m
2023-03-09 14:44:52.472 +0530 [debug] ([34mvalidate.js[0m) [31mrunning validator actions[0m
2023-03-09 14:44:52.472 +0530 [debug] ([34mvalidate.js[0m) [31mrunning validator requests[0m
2023-03-09 14:44:52.472 +0530 [debug] ([34mvalidate.js[0m) [31mrunning validator app-dir[0m
2023-03-09 14:44:52.472 +0530 [debug] ([34mvalidate.js[0m) [31mrunning validator config-dir[0m
2023-03-09 14:44:52.472 +0530 [debug] ([34mconfig-dir.js[0m) [31mChecking to see if C:\Users\Admin\Desktop\FreshWorks\serverless/config/ exists.[0m
2023-03-09 14:44:52.473 +0530 [debug] ([34mconfig-dir.js[0m) [31mFetched the following config files iparams.json,iparam_test_data.json[0m
2023-03-09 14:44:52.473 +0530 [debug] ([34mvalidate.js[0m) [31mrunning validator custom-objects[0m
2023-03-09 14:44:52.476 +0530 [debug] ([34mvalidate.js[0m) [31mrunning validator event[0m
2023-03-09 14:44:52.482 +0530 [debug] ([34mevent.js[0m) [31mFound ["onTicketCreateHandler"] as exported functions.[0m
2023-03-09 14:44:52.483 +0530 [debug] ([34mvalidate.js[0m) [31mrunning validator iparam[0m
2023-03-09 14:44:52.485 +0530 [debug] ([34mvalidate.js[0m) [31mrunning validator lint[0m
2023-03-09 14:44:52.485 +0530 [debug] ([34mlint.js[0m) [31mpassed fix flag: undefined[0m
2023-03-09 14:44:52.489 +0530 [debug] ([34mlint.js[0m) [31mRunning the following lints on the file server\lib\handle-response.js : no-caller,no-process-env,complexity,max-nested-callbacks,handle-callback-err,no-eval,no-alert,no-debugger,no-unreachable,no-unhandled-promise,no-logging-rejections,no-non-client-request-model,no-deprecated-apis,no-proxy-requests,no-dependency-mismatch,no-empty-function,no-unused-vars[0m
2023-03-09 14:44:52.519 +0530 [debug] ([34mlint.js[0m) [31mRunning the following lints on the file server\server.js : no-caller,no-process-env,complexity,max-nested-callbacks,handle-callback-err,no-eval,no-alert,no-debugger,no-unreachable,no-unhandled-promise,no-logging-rejections,no-non-client-request-model,no-deprecated-apis,no-proxy-requests,no-dependency-mismatch,no-empty-function,no-unused-vars[0m
2023-03-09 14:44:52.522 +0530 [debug] ([34mvalidate.js[0m) [31mrunning validator manifest[0m
2023-03-09 14:44:52.523 +0530 [debug] ([34mvalidate.js[0m) [31mskipping validator manifest-dependency[0m
2023-03-09 14:44:52.523 +0530 [debug] ([34mvalidate.js[0m) [31mrunning validator oauth[0m
2023-03-09 14:44:52.523 +0530 [debug] ([34mvalidate.js[0m) [31mskipping validator pkgsize[0m
2023-03-09 14:44:52.523 +0530 [debug] ([34mvalidate.js[0m) [31mrunning validator schema[0m
2023-03-09 14:44:52.523 +0530 [debug] ([34mvalidate.js[0m) [31mrunning validator version-check[0m
2023-03-09 14:44:52.525 +0530 [warn] Please ensure that the following are addressed for quick review process:
2023-03-09 14:44:52.526 +0530 [warn] [33m⚠[39m iparam_test_data.json is deprecated, to test the installation page, visit - http://localhost:10001/custom_configs
2023-03-09 14:44:52.527 +0530 [error] 
2023-03-09 14:44:52.528 +0530 [debug] ([34mwatcher.js[0m) [31mPreparing to watch the following files ./config,./manifest.json[0m
2023-03-09 14:44:52.535 +0530 [debug] ([34minstall.js[0m) [31mdependency installer called with {}[0m
2023-03-09 14:44:52.535 +0530 [debug] ([34mdata.js[0m) [31mRead {}[0m
2023-03-09 14:44:52.536 +0530 [debug] ([34mcustom-objects.js[0m) [31mto force or not? undefined[0m
2023-03-09 14:44:52.536 +0530 [debug] ([34mcustom-objects.js[0m) [31mbeginning to re-sync db[0m
2023-03-09 14:44:52.703 +0530 [debug] ([34mindex.js[0m) [31mloading model at "C:\Users\Admin\AppData\Roaming\npm\node_modules\fdk\lib\models\bigint-pivot.js"[0m
2023-03-09 14:44:52.706 +0530 [debug] ([34mindex.js[0m) [31mloading model at "C:\Users\Admin\AppData\Roaming\npm\node_modules\fdk\lib\models\entity-field-choice.js"[0m
2023-03-09 14:44:52.708 +0530 [debug] ([34mindex.js[0m) [31mloading model at "C:\Users\Admin\AppData\Roaming\npm\node_modules\fdk\lib\models\entity-field.js"[0m
2023-03-09 14:44:52.710 +0530 [debug] ([34mindex.js[0m) [31mloading model at "C:\Users\Admin\AppData\Roaming\npm\node_modules\fdk\lib\models\entity.js"[0m
2023-03-09 14:44:52.712 +0530 [debug] ([34mindex.js[0m) [31mloading model at "C:\Users\Admin\AppData\Roaming\npm\node_modules\fdk\lib\models\record.js"[0m
2023-03-09 14:44:52.714 +0530 [debug] ([34mindex.js[0m) [31mloading model at "C:\Users\Admin\AppData\Roaming\npm\node_modules\fdk\lib\models\string-pivot.js"[0m
2023-03-09 14:44:52.729 +0530 [debug] ([34mdata.js[0m) [31mRead {}[0m
2023-03-09 14:44:52.729 +0530 [debug] ([34mcustom-objects.js[0m) [31mupdated local store with latest entity hash[0m
2023-03-09 14:44:52.730 +0530 [info] Starting local testing server at http://*:10001/    
Append 'dev=true' to your Freshdesk account URL to start testing    
e.g. https://domain.freshdesk.com/a/tickets/1?dev=true    
Quit the server with Control-C.
2023-03-09 14:44:52.731 +0530 [info] 
To simulate product, app setup, and external events, visit - http://localhost:10001/web/test
2023-03-09 14:44:52.732 +0530 [info] Populating test data with events found in the app
2023-03-09 14:46:01.562 +0530 [debug] ([34mdata.js[0m) [31mRead {}[0m
2023-03-09 14:46:01.563 +0530 [debug] ([34miframe.js[0m) [31mResponding to product with {"configs":{},"displayName":"serverless","product":{"freshdesk":{"events":{"onTicketCreate":{"handler":"onTicketCreateHandler"}}}},"features":["db","backend"],"actions":false,"omni":false,"products":["freshdesk"],"platform":"2.3","isInstall":false,"v2":[]}[0m
2023-03-09 14:46:01.571 +0530 [debug] ([34mdata.js[0m) [31mRead {}[0m
2023-03-09 14:46:01.572 +0530 [debug] ([34miframe.js[0m) [31mResponding to product with {"configs":{},"displayName":"serverless","product":{"freshdesk":{"events":{"onTicketCreate":{"handler":"onTicketCreateHandler"}}}},"features":["db","backend"],"actions":false,"omni":false,"products":["freshdesk"],"platform":"2.3","isInstall":false,"v2":[]}[0m
2023-03-09 14:46:01.578 +0530 [debug] ([34mdata.js[0m) [31mRead {}[0m
2023-03-09 14:46:01.579 +0530 [debug] ([34miframe.js[0m) [31mResponding to product with {"configs":{},"displayName":"serverless","product":{"freshdesk":{"events":{"onTicketCreate":{"handler":"onTicketCreateHandler"}}}},"features":["db","backend"],"actions":false,"omni":false,"products":["freshdesk"],"platform":"2.3","isInstall":false,"v2":[]}[0m
2023-03-09 14:46:03.512 +0530 [debug] ([34mevent.js[0m) [31mFound ["onTicketCreateHandler"] as exported functions.[0m
2023-03-09 14:46:07.211 +0530 [debug] ([34mdata.js[0m) [31mRead {}[0m
2023-03-09 14:46:07.212 +0530 [debug] ([34mbeevents.js[0m) [31mUsing {} as iparams for testing.[0m
2023-03-09 14:46:07.212 +0530 [debug] ([34mbeevents.js[0m) [31mCalling event handler with {"categoryName":"productEvent","categoryArgs":{"methodName":"onTicketCreate","methodParams":{"region":"US","data":{"ticket":{"model_id":28939101,"subject":"Support Needed...","description":"<div style=\"font-family:-apple-system, BlinkMacSystemFont, Segoe UI, Roboto, Helvetica Neue, Arial, sans-serif; font-size:14px\"><div dir=\"ltr\">adsf</div></div>","is_description_truncated":false,"description_text":"Some details on the issue ...","is_description_text_truncated":false,"due_by":"2021-11-10T13:45:13Z","first_response_by_bhrs":null,"fr_due_by":"2021-11-08T13:45:13Z","fr_escalated":false,"is_escalated":false,"fwd_emails":["ram@freshdesk.com","diana@freshdesk.com"],"reply_cc_emails":["ram@freshdesk.com","diana@freshdesk.com"],"email_config_id":null,"id":165,"group_id":null,"product_id":null,"company_id":null,"requester_id":48014615863,"responder_id":48,"status":2,"priority":1,"type":null,"tags":[],"spam":false,"source":3,"tweet_id":null,"cc_emails":[],"to_emails":null,"created_at":"2021-11-05T12:45:13Z","updated_at":"2021-11-05T12:45:13Z","attachments":[],"custom_fields":{"cf_aefds_11010177632":null,"cf_sda_11010177632":null,"cf_check_test_11010177632":null,"cf_pick_list_test_11010177632":null},"account_id":13,"sla_policy_id":1000000403489,"resolution_escalation_level":null,"response_reminded":false,"resolution_reminded":false,"time_to_resolution_in_bhrs":null,"time_to_resolution_in_chrs":null,"inbound_count":1,"archive":false,"internal_agent_id":null,"internal_group_id":null,"outbound_email":false,"watchers":[],"urgent":false,"trained":false,"deleted":false,"group_users":[],"import_id":null,"on_state_time":null,"source_additional_info":null,"status_stop_sla_timer":false,"status_deleted":false,"skill_id":null,"nr_escalated":null,"next_response_reminded":false,"nr_due_by":null,"attachment_ids":[],"first_assign_by_bhrs":0,"first_response_id":null,"first_response_group_id":null,"first_response_agent_id":null,"first_assign_agent_id":48,"first_assign_group_id":null,"agent_reassigned_count":null,"group_reassigned_count":null,"reopened_count":null,"private_note_count":null,"public_note_count":null,"agent_reply_count":null,"customer_reply_count":null,"agent_assigned_flag":true,"agent_reassigned_flag":null,"group_assigned_flag":null,"group_reassigned_flag":null,"internal_agent_assigned_flag":null,"internal_agent_reassigned_flag":null,"internal_group_assigned_flag":null,"internal_group_reassigned_flag":null,"internal_agent_first_assign_in_bhrs":null,"last_resolved_at":null,"closed_at":null,"resolved_at":null,"first_response_time":null,"first_assigned_at":"2021-11-05T12:45:13Z","assigned_at":"2021-11-05T12:45:13Z","bcc_emails":[],"tkt_cc":[],"associates":null,"associates_rdb":null,"parent_id":null,"support_email":null,"internal_agent_uid":null,"responder_uid":"246574923996993384","watchers_uid_list":[],"group_users_uid_list":[],"requester_responded_at":null,"agent_responded_at":null},"actor":{"sanitized_phone":"0987654321","company_id":null,"first_name":"Minerva","org_contact_id":null,"org_agent_id":"246574923996993384","last_seen_at":null,"city":null,"name":"Minerva","failed_login_count":0,"blocked_at":null,"customer_id":null,"email":"minerva@freshdesk.com","state":null,"parent_id":0,"description":null,"job_title":null,"tags":[],"current_login_ip":"100.25.62.61","timezone":"America/New_York","privileges":"193248897710135786048173323961003191631436058972055363553917057189806079","whitelisted":false,"visitor_id":null,"twitter_id":null,"country":null,"user_role":null,"current_login_at":"2021-11-05T12:43:09Z","fb_profile_id":null,"last_login_at":"2021-11-05T12:42:56Z","other_emails":[],"id":48,"account_id":13,"language":"en","last_name":null,"second_email":null,"last_login_ip":"13.222.333.555","other_company_ids":[],"extn":null,"login_count":1371,"preferences":{"agent_preferences":{"field_service":{"dismissed_sample_scheduling_dashboard":false},"shortcuts_mapping":[],"falcon_ui":false,"show_onBoarding":true,"notification_timestamp":null,"undo_send":false,"show_monthly_to_annual_notification":true,"focus_mode":true,"search_settings":{"tickets":{"include_attachment_names":true,"include_description":true,"include_notes":true,"include_other_properties":true,"include_subject":true}},"show_loyalty_upgrade":false,"shortcuts_enabled":true},"user_preferences":{"was_agent":false,"agent_deleted_forever":false,"marked_for_hard_delete":false},"password_expiry_date":"2120-10-17 05:21:53 UTC"},"delta":true,"external_id":null,"address":null,"blocked":false,"created_at":"2020-11-10T05:21:53Z","import_id":null,"posts_count":0,"type":"agent","helpdesk_agent":true,"updated_at":"2020-11-11T10:02:35Z","mobile":null,"deleted_at":null,"time_zone":"Eastern Time (US & Canada)","deleted":false,"phone":"0987654321","unique_external_id":null,"sanitized_mobile":null,"active":true},"requester":{"id":48014615863,"name":"Rachel","email":"rachel@freshdesk.com","mobile":null,"phone":null,"language":"en","created_at":"2021-11-05T12:45:13Z"}},"account_id":"11010177632","domain":"sample.freshdesk.com","event":"onTicketCreate","timestamp":1636116313.9754386,"iparams":{}}}}[0m
2023-03-09 14:46:07.213 +0530 [debug] ([34mcoverage.js[0m) [31mInstrumenting C:\Users\Admin\Desktop\FreshWorks\serverless\server\server.js[0m
2023-03-09 14:46:07.762 +0530 [debug] ([34mcoverage.js[0m) [31mWriting coverage.[0m
2023-03-09 14:47:05.814 +0530 [debug] ([34mdata.js[0m) [31mRead {}[0m
2023-03-09 14:47:05.814 +0530 [debug] ([34mbeevents.js[0m) [31mUsing {} as iparams for testing.[0m
2023-03-09 14:47:05.814 +0530 [debug] ([34mbeevents.js[0m) [31mCalling event handler with {"categoryName":"productEvent","categoryArgs":{"methodName":"onTicketCreate","methodParams":{"region":"US","data":{"ticket":{"model_id":28939101,"subject":"Support Needed...","description":"<div style=\"font-family:-apple-system, BlinkMacSystemFont, Segoe UI, Roboto, Helvetica Neue, Arial, sans-serif; font-size:14px\"><div dir=\"ltr\">adsf</div></div>","is_description_truncated":false,"description_text":"Some details on the issue ...","is_description_text_truncated":false,"due_by":"2021-11-10T13:45:13Z","first_response_by_bhrs":null,"fr_due_by":"2021-11-08T13:45:13Z","fr_escalated":false,"is_escalated":false,"fwd_emails":["ram@freshdesk.com","diana@freshdesk.com"],"reply_cc_emails":["ram@freshdesk.com","diana@freshdesk.com"],"email_config_id":null,"id":165,"group_id":null,"product_id":null,"company_id":null,"requester_id":48014615863,"responder_id":48,"status":2,"priority":1,"type":null,"tags":[],"spam":false,"source":3,"tweet_id":null,"cc_emails":[],"to_emails":null,"created_at":"2021-11-05T12:45:13Z","updated_at":"2021-11-05T12:45:13Z","attachments":[],"custom_fields":{"cf_aefds_11010177632":null,"cf_sda_11010177632":null,"cf_check_test_11010177632":null,"cf_pick_list_test_11010177632":null},"account_id":13,"sla_policy_id":1000000403489,"resolution_escalation_level":null,"response_reminded":false,"resolution_reminded":false,"time_to_resolution_in_bhrs":null,"time_to_resolution_in_chrs":null,"inbound_count":1,"archive":false,"internal_agent_id":null,"internal_group_id":null,"outbound_email":false,"watchers":[],"urgent":false,"trained":false,"deleted":false,"group_users":[],"import_id":null,"on_state_time":null,"source_additional_info":null,"status_stop_sla_timer":false,"status_deleted":false,"skill_id":null,"nr_escalated":null,"next_response_reminded":false,"nr_due_by":null,"attachment_ids":[],"first_assign_by_bhrs":0,"first_response_id":null,"first_response_group_id":null,"first_response_agent_id":null,"first_assign_agent_id":48,"first_assign_group_id":null,"agent_reassigned_count":null,"group_reassigned_count":null,"reopened_count":null,"private_note_count":null,"public_note_count":null,"agent_reply_count":null,"customer_reply_count":null,"agent_assigned_flag":true,"agent_reassigned_flag":null,"group_assigned_flag":null,"group_reassigned_flag":null,"internal_agent_assigned_flag":null,"internal_agent_reassigned_flag":null,"internal_group_assigned_flag":null,"internal_group_reassigned_flag":null,"internal_agent_first_assign_in_bhrs":null,"last_resolved_at":null,"closed_at":null,"resolved_at":null,"first_response_time":null,"first_assigned_at":"2021-11-05T12:45:13Z","assigned_at":"2021-11-05T12:45:13Z","bcc_emails":[],"tkt_cc":[],"associates":null,"associates_rdb":null,"parent_id":null,"support_email":null,"internal_agent_uid":null,"responder_uid":"246574923996993384","watchers_uid_list":[],"group_users_uid_list":[],"requester_responded_at":null,"agent_responded_at":null},"actor":{"sanitized_phone":"0987654321","company_id":null,"first_name":"Minerva","org_contact_id":null,"org_agent_id":"246574923996993384","last_seen_at":null,"city":null,"name":"Minerva","failed_login_count":0,"blocked_at":null,"customer_id":null,"email":"minerva@freshdesk.com","state":null,"parent_id":0,"description":null,"job_title":null,"tags":[],"current_login_ip":"100.25.62.61","timezone":"America/New_York","privileges":"193248897710135786048173323961003191631436058972055363553917057189806079","whitelisted":false,"visitor_id":null,"twitter_id":null,"country":null,"user_role":null,"current_login_at":"2021-11-05T12:43:09Z","fb_profile_id":null,"last_login_at":"2021-11-05T12:42:56Z","other_emails":[],"id":48,"account_id":13,"language":"en","last_name":null,"second_email":null,"last_login_ip":"13.222.333.555","other_company_ids":[],"extn":null,"login_count":1371,"preferences":{"agent_preferences":{"field_service":{"dismissed_sample_scheduling_dashboard":false},"shortcuts_mapping":[],"falcon_ui":false,"show_onBoarding":true,"notification_timestamp":null,"undo_send":false,"show_monthly_to_annual_notification":true,"focus_mode":true,"search_settings":{"tickets":{"include_attachment_names":true,"include_description":true,"include_notes":true,"include_other_properties":true,"include_subject":true}},"show_loyalty_upgrade":false,"shortcuts_enabled":true},"user_preferences":{"was_agent":false,"agent_deleted_forever":false,"marked_for_hard_delete":false},"password_expiry_date":"2120-10-17 05:21:53 UTC"},"delta":true,"external_id":null,"address":null,"blocked":false,"created_at":"2020-11-10T05:21:53Z","import_id":null,"posts_count":0,"type":"agent","helpdesk_agent":true,"updated_at":"2020-11-11T10:02:35Z","mobile":null,"deleted_at":null,"time_zone":"Eastern Time (US & Canada)","deleted":false,"phone":"0987654321","unique_external_id":null,"sanitized_mobile":null,"active":true},"requester":{"id":48014615863,"name":"Rachel","email":"rachel@freshdesk.com","mobile":null,"phone":null,"language":"en","created_at":"2021-11-05T12:45:13Z"}},"account_id":"11010177632","domain":"sample.freshdesk.com","event":"onTicketCreate","timestamp":1636116313.9754386,"iparams":{}}}}[0m
2023-03-09 14:47:05.815 +0530 [debug] ([34mcoverage.js[0m) [31mInstrumenting C:\Users\Admin\Desktop\FreshWorks\serverless\server\server.js[0m
2023-03-09 14:47:06.328 +0530 [debug] ([34mcoverage.js[0m) [31mWriting coverage.[0m
2023-03-09 14:47:18.278 +0530 [debug] ([34mdata.js[0m) [31mRead {}[0m
2023-03-09 14:47:18.278 +0530 [debug] ([34mbeevents.js[0m) [31mUsing {} as iparams for testing.[0m
2023-03-09 14:47:18.278 +0530 [debug] ([34mbeevents.js[0m) [31mCalling event handler with {"categoryName":"productEvent","categoryArgs":{"methodName":"onTicketCreate","methodParams":{"region":"US","data":{"ticket":{"model_id":28939101,"subject":"Support Needed...","description":"<div style=\"font-family:-apple-system, BlinkMacSystemFont, Segoe UI, Roboto, Helvetica Neue, Arial, sans-serif; font-size:14px\"><div dir=\"ltr\">adsf</div></div>","is_description_truncated":false,"description_text":"Some details on the issue ...","is_description_text_truncated":false,"due_by":"2021-11-10T13:45:13Z","first_response_by_bhrs":null,"fr_due_by":"2021-11-08T13:45:13Z","fr_escalated":false,"is_escalated":false,"fwd_emails":["ram@freshdesk.com","diana@freshdesk.com"],"reply_cc_emails":["ram@freshdesk.com","diana@freshdesk.com"],"email_config_id":null,"id":165,"group_id":null,"product_id":null,"company_id":null,"requester_id":48014615863,"responder_id":48,"status":2,"priority":1,"type":null,"tags":[],"spam":false,"source":3,"tweet_id":null,"cc_emails":[],"to_emails":null,"created_at":"2021-11-05T12:45:13Z","updated_at":"2021-11-05T12:45:13Z","attachments":[],"custom_fields":{"cf_aefds_11010177632":null,"cf_sda_11010177632":null,"cf_check_test_11010177632":null,"cf_pick_list_test_11010177632":null},"account_id":13,"sla_policy_id":1000000403489,"resolution_escalation_level":null,"response_reminded":false,"resolution_reminded":false,"time_to_resolution_in_bhrs":null,"time_to_resolution_in_chrs":null,"inbound_count":1,"archive":false,"internal_agent_id":null,"internal_group_id":null,"outbound_email":false,"watchers":[],"urgent":false,"trained":false,"deleted":false,"group_users":[],"import_id":null,"on_state_time":null,"source_additional_info":null,"status_stop_sla_timer":false,"status_deleted":false,"skill_id":null,"nr_escalated":null,"next_response_reminded":false,"nr_due_by":null,"attachment_ids":[],"first_assign_by_bhrs":0,"first_response_id":null,"first_response_group_id":null,"first_response_agent_id":null,"first_assign_agent_id":48,"first_assign_group_id":null,"agent_reassigned_count":null,"group_reassigned_count":null,"reopened_count":null,"private_note_count":null,"public_note_count":null,"agent_reply_count":null,"customer_reply_count":null,"agent_assigned_flag":true,"agent_reassigned_flag":null,"group_assigned_flag":null,"group_reassigned_flag":null,"internal_agent_assigned_flag":null,"internal_agent_reassigned_flag":null,"internal_group_assigned_flag":null,"internal_group_reassigned_flag":null,"internal_agent_first_assign_in_bhrs":null,"last_resolved_at":null,"closed_at":null,"resolved_at":null,"first_response_time":null,"first_assigned_at":"2021-11-05T12:45:13Z","assigned_at":"2021-11-05T12:45:13Z","bcc_emails":[],"tkt_cc":[],"associates":null,"associates_rdb":null,"parent_id":null,"support_email":null,"internal_agent_uid":null,"responder_uid":"246574923996993384","watchers_uid_list":[],"group_users_uid_list":[],"requester_responded_at":null,"agent_responded_at":null},"actor":{"sanitized_phone":"0987654321","company_id":null,"first_name":"Minerva","org_contact_id":null,"org_agent_id":"246574923996993384","last_seen_at":null,"city":null,"name":"Minerva","failed_login_count":0,"blocked_at":null,"customer_id":null,"email":"minerva@freshdesk.com","state":null,"parent_id":0,"description":null,"job_title":null,"tags":[],"current_login_ip":"100.25.62.61","timezone":"America/New_York","privileges":"193248897710135786048173323961003191631436058972055363553917057189806079","whitelisted":false,"visitor_id":null,"twitter_id":null,"country":null,"user_role":null,"current_login_at":"2021-11-05T12:43:09Z","fb_profile_id":null,"last_login_at":"2021-11-05T12:42:56Z","other_emails":[],"id":48,"account_id":13,"language":"en","last_name":null,"second_email":null,"last_login_ip":"13.222.333.555","other_company_ids":[],"extn":null,"login_count":1371,"preferences":{"agent_preferences":{"field_service":{"dismissed_sample_scheduling_dashboard":false},"shortcuts_mapping":[],"falcon_ui":false,"show_onBoarding":true,"notification_timestamp":null,"undo_send":false,"show_monthly_to_annual_notification":true,"focus_mode":true,"search_settings":{"tickets":{"include_attachment_names":true,"include_description":true,"include_notes":true,"include_other_properties":true,"include_subject":true}},"show_loyalty_upgrade":false,"shortcuts_enabled":true},"user_preferences":{"was_agent":false,"agent_deleted_forever":false,"marked_for_hard_delete":false},"password_expiry_date":"2120-10-17 05:21:53 UTC"},"delta":true,"external_id":null,"address":null,"blocked":false,"created_at":"2020-11-10T05:21:53Z","import_id":null,"posts_count":0,"type":"agent","helpdesk_agent":true,"updated_at":"2020-11-11T10:02:35Z","mobile":null,"deleted_at":null,"time_zone":"Eastern Time (US & Canada)","deleted":false,"phone":"0987654321","unique_external_id":null,"sanitized_mobile":null,"active":true},"requester":{"id":48014615863,"name":"Rachel","email":"rachel@freshdesk.com","mobile":null,"phone":null,"language":"en","created_at":"2021-11-05T12:45:13Z"}},"account_id":"11010177632","domain":"sample.freshdesk.com","event":"onTicketCreate","timestamp":1636116313.9754386,"iparams":{}}}}[0m
2023-03-09 14:47:18.279 +0530 [debug] ([34mcoverage.js[0m) [31mInstrumenting C:\Users\Admin\Desktop\FreshWorks\serverless\server\server.js[0m
2023-03-09 14:47:18.787 +0530 [debug] ([34mcoverage.js[0m) [31mWriting coverage.[0m
2023-03-09 14:49:39.122 +0530 [debug] ([34mmanifest.js[0m) [31mReloading manifest with {"platform-version":"2.3","product":{"freshdesk":{"events":{"onTicketCreate":{"handler":"onTicketCreateHandler"},"onTopicCreate":{"handler":"onTopicCreateCallback"}}}},"engines":{"node":"18.14.2","fdk":"9.0.0"}}.[0m
2023-03-09 14:49:39.122 +0530 [debug] ([34mmanifest.js[0m) [31mInferred db,backend as features.[0m
2023-03-09 14:49:39.122 +0530 [debug] ([34mwatcher.js[0m) [31mBroadcasted "{"file":"manifest.json"}" to all listeners.[0m
2023-03-09 14:49:50.345 +0530 [debug] ([34mdata.js[0m) [31mRead {}[0m
2023-03-09 14:49:50.346 +0530 [debug] ([34miframe.js[0m) [31mResponding to product with {"configs":{},"displayName":"serverless","product":{"freshdesk":{"events":{"onTicketCreate":{"handler":"onTicketCreateHandler"},"onTopicCreate":{"handler":"onTopicCreateCallback"}}}},"features":["db","backend"],"actions":false,"omni":false,"products":["freshdesk"],"platform":"2.3","isInstall":false,"v2":[]}[0m
2023-03-09 14:49:50.350 +0530 [debug] ([34mdata.js[0m) [31mRead {}[0m
2023-03-09 14:49:50.351 +0530 [debug] ([34miframe.js[0m) [31mResponding to product with {"configs":{},"displayName":"serverless","product":{"freshdesk":{"events":{"onTicketCreate":{"handler":"onTicketCreateHandler"},"onTopicCreate":{"handler":"onTopicCreateCallback"}}}},"features":["db","backend"],"actions":false,"omni":false,"products":["freshdesk"],"platform":"2.3","isInstall":false,"v2":[]}[0m
2023-03-09 14:49:50.354 +0530 [debug] ([34mdata.js[0m) [31mRead {}[0m
2023-03-09 14:49:50.355 +0530 [debug] ([34miframe.js[0m) [31mResponding to product with {"configs":{},"displayName":"serverless","product":{"freshdesk":{"events":{"onTicketCreate":{"handler":"onTicketCreateHandler"},"onTopicCreate":{"handler":"onTopicCreateCallback"}}}},"features":["db","backend"],"actions":false,"omni":false,"products":["freshdesk"],"platform":"2.3","isInstall":false,"v2":[]}[0m
2023-03-09 14:49:52.315 +0530 [debug] ([34mevent.js[0m) [31mFound ["onTicketCreateHandler","onTopicCreateCallback"] as exported functions.[0m
2023-03-09 14:49:57.668 +0530 [debug] ([34mdata.js[0m) [31mRead {}[0m
2023-03-09 14:49:57.668 +0530 [debug] ([34mbeevents.js[0m) [31mUsing {} as iparams for testing.[0m
2023-03-09 14:49:57.668 +0530 [debug] ([34mbeevents.js[0m) [31mCalling event handler with {"categoryName":"productEvent","categoryArgs":{"methodName":"onTopicCreate","methodParams":{"region":"AUS","data":{"topic":{"stamp_type":null,"body":" Sample Topic ","forum_visibility":1,"published":true,"replied_by":276,"last_post_id":740,"forum_category_id":88,"locked":false,"forum_id":29,"user_id":276,"replied_at":"2021-10-29T11:06:13Z","id":163,"account_id":13,"merged_topic_ids":[],"hits":0,"sticky":0,"delta":true,"created_at":"2021-10-29T11:06:13Z","title":"gdfdgfh","user_votes":0,"posts_count":1,"updated_at":"2021-10-29T11:06:13Z","company_ids":[]},"associations":{"forum":{"name":"Announcements","forum_type":4,"description_html":"<p>General helpdesk announcements to the customers.</p>","forum_visibility":1,"description":"General helpdesk announcements to the customers.","forum_category_id":88,"topics_count":8,"id":29,"account_id":13,"position":1,"posts_count":9}},"actor":{"sanitized_phone":null,"company_id":null,"first_name":"Rachel","org_contact_id":null,"org_agent_id":"36","last_seen_at":null,"city":null,"name":"Rachel","failed_login_count":0,"blocked_at":null,"customer_id":null,"email":"rachel@freshdesk.com","state":null,"parent_id":0,"description":null,"job_title":null,"tags":[],"current_login_ip":"13.234.188.330","timezone":"Asia/Kolkata","privileges":"1234567","whitelisted":false,"visitor_id":null,"twitter_id":null,"country":null,"user_role":null,"current_login_at":"2021-10-29T09:28:20Z","fb_profile_id":null,"last_login_at":"2021-10-28T17:43:05Z","other_emails":[],"id":276,"account_id":13,"language":"en","last_name":null,"second_email":null,"last_login_ip":"11.222.333.444","other_company_ids":[],"extn":null,"login_count":10,"preferences":{"agent_preferences":{"field_service":{"dismissed_sample_scheduling_dashboard":false},"shortcuts_mapping":[],"gdpr_acceptance":false,"falcon_ui":false,"show_onBoarding":true,"notification_timestamp":null,"undo_send":false,"show_monthly_to_annual_notification":false,"focus_mode":true,"search_settings":{"tickets":{"include_attachment_names":true,"include_description":true,"include_notes":true,"include_other_properties":true,"archive":true,"include_subject":true}},"gdpr_admin_id":510,"show_loyalty_upgrade":false,"shortcuts_enabled":true},"user_preferences":{"was_agent":false,"agent_deleted_forever":false,"marked_for_hard_delete":false}},"delta":true,"external_id":null,"address":null,"blocked":false,"created_at":"2021-09-21T17:09:29Z","import_id":null,"posts_count":2,"type":"agent","helpdesk_agent":true,"updated_at":"2021-09-21T17:10:33Z","mobile":null,"deleted_at":null,"time_zone":"Chennai","deleted":false,"phone":null,"unique_external_id":null,"sanitized_mobile":null,"active":true}},"account_id":"13","domain":"sample.freshdesk.com","event":"onTopicCreate","timestamp":1635505573.8603826,"version":"1.0.4","iparams":{}}}}[0m
2023-03-09 14:49:57.668 +0530 [debug] ([34mcoverage.js[0m) [31mInstrumenting C:\Users\Admin\Desktop\FreshWorks\serverless\server\server.js[0m
2023-03-09 14:49:58.191 +0530 [debug] ([34mcoverage.js[0m) [31mWriting coverage.[0m
2023-03-09 14:50:25.853 +0530 [debug] ([34mdata.js[0m) [31mRead {}[0m
2023-03-09 14:50:25.853 +0530 [debug] ([34mbeevents.js[0m) [31mUsing {} as iparams for testing.[0m
2023-03-09 14:50:25.853 +0530 [debug] ([34mbeevents.js[0m) [31mCalling event handler with {"categoryName":"productEvent","categoryArgs":{"methodName":"onTopicCreate","methodParams":{"region":"AUS","data":{"topic":{"stamp_type":null,"body":" Sample Topic ","forum_visibility":1,"published":true,"replied_by":276,"last_post_id":740,"forum_category_id":88,"locked":false,"forum_id":29,"user_id":276,"replied_at":"2021-10-29T11:06:13Z","id":163,"account_id":13,"merged_topic_ids":[],"hits":0,"sticky":0,"delta":true,"created_at":"2021-10-29T11:06:13Z","title":"gdfdgfh","user_votes":0,"posts_count":1,"updated_at":"2021-10-29T11:06:13Z","company_ids":[]},"associations":{"forum":{"name":"Announcements","forum_type":4,"description_html":"<p>General helpdesk announcements to the customers.</p>","forum_visibility":1,"description":"General helpdesk announcements to the customers.","forum_category_id":88,"topics_count":8,"id":29,"account_id":13,"position":1,"posts_count":9}},"actor":{"sanitized_phone":null,"company_id":null,"first_name":"Rachel","org_contact_id":null,"org_agent_id":"36","last_seen_at":null,"city":null,"name":"Rachel","failed_login_count":0,"blocked_at":null,"customer_id":null,"email":"rachel@freshdesk.com","state":null,"parent_id":0,"description":null,"job_title":null,"tags":[],"current_login_ip":"13.234.188.330","timezone":"Asia/Kolkata","privileges":"1234567","whitelisted":false,"visitor_id":null,"twitter_id":null,"country":null,"user_role":null,"current_login_at":"2021-10-29T09:28:20Z","fb_profile_id":null,"last_login_at":"2021-10-28T17:43:05Z","other_emails":[],"id":276,"account_id":13,"language":"en","last_name":null,"second_email":null,"last_login_ip":"11.222.333.444","other_company_ids":[],"extn":null,"login_count":10,"preferences":{"agent_preferences":{"field_service":{"dismissed_sample_scheduling_dashboard":false},"shortcuts_mapping":[],"gdpr_acceptance":false,"falcon_ui":false,"show_onBoarding":true,"notification_timestamp":null,"undo_send":false,"show_monthly_to_annual_notification":false,"focus_mode":true,"search_settings":{"tickets":{"include_attachment_names":true,"include_description":true,"include_notes":true,"include_other_properties":true,"archive":true,"include_subject":true}},"gdpr_admin_id":510,"show_loyalty_upgrade":false,"shortcuts_enabled":true},"user_preferences":{"was_agent":false,"agent_deleted_forever":false,"marked_for_hard_delete":false}},"delta":true,"external_id":null,"address":null,"blocked":false,"created_at":"2021-09-21T17:09:29Z","import_id":null,"posts_count":2,"type":"agent","helpdesk_agent":true,"updated_at":"2021-09-21T17:10:33Z","mobile":null,"deleted_at":null,"time_zone":"Chennai","deleted":false,"phone":null,"unique_external_id":null,"sanitized_mobile":null,"active":true}},"account_id":"13","domain":"sample.freshdesk.com","event":"onTopicCreate","timestamp":1635505573.8603826,"version":"1.0.4","iparams":{}}}}[0m
2023-03-09 14:50:25.853 +0530 [debug] ([34mcoverage.js[0m) [31mInstrumenting C:\Users\Admin\Desktop\FreshWorks\serverless\server\server.js[0m
2023-03-09 14:50:26.372 +0530 [debug] ([34mcoverage.js[0m) [31mWriting coverage.[0m
2023-03-09 14:50:26.638 +0530 [debug] ([34mcoverage.js[0m) [31mWriting coverage.[0m
2023-03-09 14:50:27.148 +0530 [debug] ([34mcoverage.js[0m) [31mWriting coverage.[0m
2023-03-09 14:50:27.657 +0530 [debug] ([34mcoverage.js[0m) [31mWriting coverage.[0m
2023-03-09 14:50:28.159 +0530 [debug] ([34mcoverage.js[0m) [31mWriting coverage.[0m
2023-03-09 14:50:28.662 +0530 [debug] ([34mcoverage.js[0m) [31mWriting coverage.[0m
2023-03-09 14:50:29.168 +0530 [debug] ([34mcoverage.js[0m) [31mWriting coverage.[0m
2023-03-09 14:50:29.682 +0530 [debug] ([34mcoverage.js[0m) [31mWriting coverage.[0m
2023-03-09 14:50:30.190 +0530 [debug] ([34mcoverage.js[0m) [31mWriting coverage.[0m
2023-03-09 14:50:30.692 +0530 [debug] ([34mcoverage.js[0m) [31mWriting coverage.[0m
2023-03-09 14:50:31.200 +0530 [debug] ([34mcoverage.js[0m) [31mWriting coverage.[0m
2023-03-09 14:50:31.709 +0530 [debug] ([34mcoverage.js[0m) [31mWriting coverage.[0m
2023-03-09 14:50:32.215 +0530 [debug] ([34mcoverage.js[0m) [31mWriting coverage.[0m
2023-03-09 14:50:32.723 +0530 [debug] ([34mcoverage.js[0m) [31mWriting coverage.[0m
2023-03-09 14:50:33.230 +0530 [debug] ([34mcoverage.js[0m) [31mWriting coverage.[0m
2023-03-09 14:50:33.745 +0530 [debug] ([34mcoverage.js[0m) [31mWriting coverage.[0m
2023-03-09 14:50:34.246 +0530 [debug] ([34mcoverage.js[0m) [31mWriting coverage.[0m
2023-03-09 14:50:34.754 +0530 [debug] ([34mcoverage.js[0m) [31mWriting coverage.[0m
2023-03-09 14:50:35.264 +0530 [debug] ([34mcoverage.js[0m) [31mWriting coverage.[0m
2023-03-09 14:50:35.775 +0530 [debug] ([34mcoverage.js[0m) [31mWriting coverage.[0m
2023-03-09 14:50:36.285 +0530 [debug] ([34mcoverage.js[0m) [31mWriting coverage.[0m
2023-03-09 14:50:36.799 +0530 [debug] ([34mcoverage.js[0m) [31mWriting coverage.[0m
2023-03-09 14:50:37.312 +0530 [debug] ([34mcoverage.js[0m) [31mWriting coverage.[0m
2023-03-09 14:50:37.816 +0530 [debug] ([34mcoverage.js[0m) [31mWriting coverage.[0m
2023-03-09 14:50:38.319 +0530 [debug] ([34mcoverage.js[0m) [31mWriting coverage.[0m
2023-03-09 14:50:38.833 +0530 [debug] ([34mcoverage.js[0m) [31mWriting coverage.[0m
2023-03-09 14:50:39.337 +0530 [debug] ([34mcoverage.js[0m) [31mWriting coverage.[0m
2023-03-09 14:50:39.853 +0530 [debug] ([34mcoverage.js[0m) [31mWriting coverage.[0m
2023-03-09 14:50:40.357 +0530 [debug] ([34mcoverage.js[0m) [31mWriting coverage.[0m
2023-03-09 14:50:40.873 +0530 [debug] ([34mcoverage.js[0m) [31mWriting coverage.[0m
2023-03-09 14:50:41.373 +0530 [debug] ([34mcoverage.js[0m) [31mWriting coverage.[0m
2023-03-09 14:50:41.874 +0530 [debug] ([34mcoverage.js[0m) [31mWriting coverage.[0m
2023-03-09 14:50:42.374 +0530 [debug] ([34mcoverage.js[0m) [31mWriting coverage.[0m
2023-03-09 14:50:42.883 +0530 [debug] ([34mcoverage.js[0m) [31mWriting coverage.[0m
2023-03-09 14:50:43.394 +0530 [debug] ([34mcoverage.js[0m) [31mWriting coverage.[0m
2023-03-09 14:50:43.894 +0530 [debug] ([34mcoverage.js[0m) [31mWriting coverage.[0m
2023-03-09 14:50:44.410 +0530 [debug] ([34mcoverage.js[0m) [31mWriting coverage.[0m
2023-03-09 14:50:44.925 +0530 [debug] ([34mcoverage.js[0m) [31mWriting coverage.[0m
2023-03-09 14:50:45.424 +0530 [debug] ([34mcoverage.js[0m) [31mWriting coverage.[0m
2023-03-09 14:50:45.928 +0530 [debug] ([34mcoverage.js[0m) [31mWriting coverage.[0m
2023-03-09 14:50:46.439 +0530 [debug] ([34mcoverage.js[0m) [31mWriting coverage.[0m
2023-03-09 14:50:46.952 +0530 [debug] ([34mcoverage.js[0m) [31mWriting coverage.[0m
2023-03-09 14:50:47.454 +0530 [debug] ([34mcoverage.js[0m) [31mWriting coverage.[0m
2023-03-09 14:50:47.960 +0530 [debug] ([34mcoverage.js[0m) [31mWriting coverage.[0m
2023-03-09 14:50:48.474 +0530 [debug] ([34mcoverage.js[0m) [31mWriting coverage.[0m
2023-03-09 14:50:48.985 +0530 [debug] ([34mcoverage.js[0m) [31mWriting coverage.[0m
2023-03-09 14:50:49.486 +0530 [debug] ([34mcoverage.js[0m) [31mWriting coverage.[0m
2023-03-09 14:50:49.987 +0530 [debug] ([34mcoverage.js[0m) [31mWriting coverage.[0m
2023-03-09 14:50:50.498 +0530 [debug] ([34mcoverage.js[0m) [31mWriting coverage.[0m
2023-03-09 14:50:51.004 +0530 [debug] ([34mcoverage.js[0m) [31mWriting coverage.[0m
2023-03-09 14:50:51.506 +0530 [debug] ([34mcoverage.js[0m) [31mWriting coverage.[0m
2023-03-09 14:50:52.016 +0530 [debug] ([34mcoverage.js[0m) [31mWriting coverage.[0m
2023-03-09 14:50:52.527 +0530 [debug] ([34mcoverage.js[0m) [31mWriting coverage.[0m
2023-03-09 14:50:53.040 +0530 [debug] ([34mcoverage.js[0m) [31mWriting coverage.[0m
2023-03-09 14:50:53.551 +0530 [debug] ([34mcoverage.js[0m) [31mWriting coverage.[0m
2023-03-09 14:50:54.061 +0530 [debug] ([34mcoverage.js[0m) [31mWriting coverage.[0m
2023-03-09 14:50:54.571 +0530 [debug] ([34mcoverage.js[0m) [31mWriting coverage.[0m
2023-03-09 14:50:55.074 +0530 [debug] ([34mcoverage.js[0m) [31mWriting coverage.[0m
2023-03-09 14:50:55.574 +0530 [debug] ([34mcoverage.js[0m) [31mWriting coverage.[0m
2023-03-09 14:50:56.089 +0530 [debug] ([34mcoverage.js[0m) [31mWriting coverage.[0m
2023-03-09 14:50:56.602 +0530 [debug] ([34mcoverage.js[0m) [31mWriting coverage.[0m
2023-03-09 14:50:57.105 +0530 [debug] ([34mcoverage.js[0m) [31mWriting coverage.[0m
2023-03-09 14:50:57.606 +0530 [debug] ([34mcoverage.js[0m) [31mWriting coverage.[0m
2023-03-09 14:50:58.119 +0530 [debug] ([34mcoverage.js[0m) [31mWriting coverage.[0m
2023-03-09 14:50:58.626 +0530 [debug] ([34mcoverage.js[0m) [31mWriting coverage.[0m
2023-03-09 14:50:59.129 +0530 [debug] ([34mcoverage.js[0m) [31mWriting coverage.[0m
2023-03-09 14:50:59.633 +0530 [debug] ([34mcoverage.js[0m) [31mWriting coverage.[0m
2023-03-09 14:51:00.140 +0530 [debug] ([34mcoverage.js[0m) [31mWriting coverage.[0m
2023-03-09 14:51:00.649 +0530 [debug] ([34mcoverage.js[0m) [31mWriting coverage.[0m
2023-03-09 14:51:01.157 +0530 [debug] ([34mcoverage.js[0m) [31mWriting coverage.[0m
2023-03-09 14:51:01.663 +0530 [debug] ([34mcoverage.js[0m) [31mWriting coverage.[0m
2023-03-09 14:51:02.171 +0530 [debug] ([34mcoverage.js[0m) [31mWriting coverage.[0m
2023-03-09 14:51:02.679 +0530 [debug] ([34mcoverage.js[0m) [31mWriting coverage.[0m
2023-03-09 14:51:03.185 +0530 [debug] ([34mcoverage.js[0m) [31mWriting coverage.[0m
2023-03-09 14:51:03.690 +0530 [debug] ([34mcoverage.js[0m) [31mWriting coverage.[0m
2023-03-09 14:51:04.195 +0530 [debug] ([34mcoverage.js[0m) [31mWriting coverage.[0m
2023-03-09 14:51:04.701 +0530 [debug] ([34mcoverage.js[0m) [31mWriting coverage.[0m
2023-03-09 14:51:05.209 +0530 [debug] ([34mcoverage.js[0m) [31mWriting coverage.[0m
2023-03-09 14:51:05.720 +0530 [debug] ([34mcoverage.js[0m) [31mWriting coverage.[0m
2023-03-09 14:51:06.229 +0530 [debug] ([34mcoverage.js[0m) [31mWriting coverage.[0m
2023-03-09 14:51:06.740 +0530 [debug] ([34mcoverage.js[0m) [31mWriting coverage.[0m
2023-03-09 14:51:07.250 +0530 [debug] ([34mcoverage.js[0m) [31mWriting coverage.[0m
2023-03-09 14:51:07.768 +0530 [debug] ([34mcoverage.js[0m) [31mWriting coverage.[0m
2023-03-09 14:51:08.285 +0530 [debug] ([34mcoverage.js[0m) [31mWriting coverage.[0m
2023-03-09 14:51:08.800 +0530 [debug] ([34mcoverage.js[0m) [31mWriting coverage.[0m
2023-03-09 14:51:09.299 +0530 [debug] ([34mcoverage.js[0m) [31mWriting coverage.[0m
2023-03-09 14:51:09.813 +0530 [debug] ([34mcoverage.js[0m) [31mWriting coverage.[0m
2023-03-09 14:51:10.325 +0530 [debug] ([34mcoverage.js[0m) [31mWriting coverage.[0m
2023-03-09 14:51:10.837 +0530 [debug] ([34mcoverage.js[0m) [31mWriting coverage.[0m
2023-03-09 14:51:11.344 +0530 [debug] ([34mcoverage.js[0m) [31mWriting coverage.[0m
2023-03-09 14:51:11.849 +0530 [debug] ([34mcoverage.js[0m) [31mWriting coverage.[0m
2023-03-09 14:51:12.348 +0530 [debug] ([34mcoverage.js[0m) [31mWriting coverage.[0m
2023-03-09 14:51:12.862 +0530 [debug] ([34mcoverage.js[0m) [31mWriting coverage.[0m
2023-03-09 14:51:13.363 +0530 [debug] ([34mcoverage.js[0m) [31mWriting coverage.[0m
2023-03-09 14:51:13.865 +0530 [debug] ([34mcoverage.js[0m) [31mWriting coverage.[0m
2023-03-09 14:51:14.365 +0530 [debug] ([34mcoverage.js[0m) [31mWriting coverage.[0m
2023-03-09 14:51:14.873 +0530 [debug] ([34mcoverage.js[0m) [31mWriting coverage.[0m
2023-03-09 14:51:15.382 +0530 [debug] ([34mcoverage.js[0m) [31mWriting coverage.[0m
2023-03-09 14:51:15.892 +0530 [debug] ([34mcoverage.js[0m) [31mWriting coverage.[0m
2023-03-09 14:51:16.398 +0530 [debug] ([34mcoverage.js[0m) [31mWriting coverage.[0m
2023-03-09 14:51:16.912 +0530 [debug] ([34mcoverage.js[0m) [31mWriting coverage.[0m
2023-03-09 14:51:17.427 +0530 [debug] ([34mcoverage.js[0m) [31mWriting coverage.[0m
2023-03-09 14:51:17.928 +0530 [debug] ([34mcoverage.js[0m) [31mWriting coverage.[0m
2023-03-09 14:51:18.431 +0530 [debug] ([34mcoverage.js[0m) [31mWriting coverage.[0m
2023-03-09 14:51:18.931 +0530 [debug] ([34mcoverage.js[0m) [31mWriting coverage.[0m
2023-03-09 14:51:19.447 +0530 [debug] ([34mcoverage.js[0m) [31mWriting coverage.[0m
2023-03-09 14:51:19.959 +0530 [debug] ([34mcoverage.js[0m) [31mWriting coverage.[0m
2023-03-09 14:51:20.472 +0530 [debug] ([34mcoverage.js[0m) [31mWriting coverage.[0m
2023-03-09 14:51:20.975 +0530 [debug] ([34mcoverage.js[0m) [31mWriting coverage.[0m
2023-03-09 14:51:21.482 +0530 [debug] ([34mcoverage.js[0m) [31mWriting coverage.[0m
2023-03-09 14:51:21.987 +0530 [debug] ([34mcoverage.js[0m) [31mWriting coverage.[0m
2023-03-09 14:51:22.495 +0530 [debug] ([34mcoverage.js[0m) [31mWriting coverage.[0m
2023-03-09 14:51:22.997 +0530 [debug] ([34mcoverage.js[0m) [31mWriting coverage.[0m
2023-03-09 14:51:23.511 +0530 [debug] ([34mcoverage.js[0m) [31mWriting coverage.[0m
2023-03-09 14:51:24.029 +0530 [debug] ([34mcoverage.js[0m) [31mWriting coverage.[0m
2023-03-09 14:51:24.530 +0530 [debug] ([34mcoverage.js[0m) [31mWriting coverage.[0m
2023-03-09 14:51:25.029 +0530 [debug] ([34mcoverage.js[0m) [31mWriting coverage.[0m
2023-03-09 14:51:25.538 +0530 [debug] ([34mcoverage.js[0m) [31mWriting coverage.[0m
2023-03-09 14:51:26.043 +0530 [debug] ([34mcoverage.js[0m) [31mWriting coverage.[0m
2023-03-09 14:51:26.545 +0530 [debug] ([34mcoverage.js[0m) [31mWriting coverage.[0m
2023-03-09 14:51:27.044 +0530 [debug] ([34mcoverage.js[0m) [31mWriting coverage.[0m
2023-03-09 14:51:27.556 +0530 [debug] ([34mcoverage.js[0m) [31mWriting coverage.[0m
2023-03-09 14:51:28.064 +0530 [debug] ([34mcoverage.js[0m) [31mWriting coverage.[0m
2023-03-09 14:51:28.578 +0530 [debug] ([34mcoverage.js[0m) [31mWriting coverage.[0m
2023-03-09 14:51:29.093 +0530 [debug] ([34mcoverage.js[0m) [31mWriting coverage.[0m
2023-03-09 14:51:29.609 +0530 [debug] ([34mcoverage.js[0m) [31mWriting coverage.[0m
2023-03-09 14:51:30.110 +0530 [debug] ([34mcoverage.js[0m) [31mWriting coverage.[0m
2023-03-09 14:51:30.627 +0530 [debug] ([34mcoverage.js[0m) [31mWriting coverage.[0m
2023-03-09 14:51:31.141 +0530 [debug] ([34mcoverage.js[0m) [31mWriting coverage.[0m
2023-03-09 14:51:31.656 +0530 [debug] ([34mcoverage.js[0m) [31mWriting coverage.[0m
2023-03-09 14:51:32.169 +0530 [debug] ([34mcoverage.js[0m) [31mWriting coverage.[0m
2023-03-09 14:51:32.681 +0530 [debug] ([34mcoverage.js[0m) [31mWriting coverage.[0m
2023-03-09 14:51:33.191 +0530 [debug] ([34mcoverage.js[0m) [31mWriting coverage.[0m
2023-03-09 14:51:33.706 +0530 [debug] ([34mcoverage.js[0m) [31mWriting coverage.[0m
2023-03-09 14:51:34.207 +0530 [debug] ([34mcoverage.js[0m) [31mWriting coverage.[0m
2023-03-09 14:51:34.709 +0530 [debug] ([34mcoverage.js[0m) [31mWriting coverage.[0m
2023-03-09 14:51:35.221 +0530 [debug] ([34mcoverage.js[0m) [31mWriting coverage.[0m
2023-03-09 14:51:35.725 +0530 [debug] ([34mcoverage.js[0m) [31mWriting coverage.[0m
2023-03-09 14:51:36.242 +0530 [debug] ([34mcoverage.js[0m) [31mWriting coverage.[0m
2023-03-09 14:51:36.750 +0530 [debug] ([34mcoverage.js[0m) [31mWriting coverage.[0m
2023-03-09 14:51:37.256 +0530 [debug] ([34mcoverage.js[0m) [31mWriting coverage.[0m
2023-03-09 14:51:37.763 +0530 [debug] ([34mcoverage.js[0m) [31mWriting coverage.[0m
2023-03-09 14:51:38.272 +0530 [debug] ([34mcoverage.js[0m) [31mWriting coverage.[0m
2023-03-09 14:51:38.783 +0530 [debug] ([34mcoverage.js[0m) [31mWriting coverage.[0m
2023-03-09 14:51:39.289 +0530 [debug] ([34mcoverage.js[0m) [31mWriting coverage.[0m
2023-03-09 14:51:39.802 +0530 [debug] ([34mcoverage.js[0m) [31mWriting coverage.[0m
2023-03-09 14:51:40.307 +0530 [debug] ([34mcoverage.js[0m) [31mWriting coverage.[0m
2023-03-09 14:51:40.822 +0530 [debug] ([34mcoverage.js[0m) [31mWriting coverage.[0m
2023-03-09 14:51:41.336 +0530 [debug] ([34mcoverage.js[0m) [31mWriting coverage.[0m
2023-03-09 14:51:41.840 +0530 [debug] ([34mcoverage.js[0m) [31mWriting coverage.[0m
2023-03-09 14:51:42.353 +0530 [debug] ([34mcoverage.js[0m) [31mWriting coverage.[0m
2023-03-09 14:51:42.854 +0530 [debug] ([34mcoverage.js[0m) [31mWriting coverage.[0m
2023-03-09 14:51:43.368 +0530 [debug] ([34mcoverage.js[0m) [31mWriting coverage.[0m
2023-03-09 14:51:43.872 +0530 [debug] ([34mcoverage.js[0m) [31mWriting coverage.[0m
2023-03-09 14:51:44.383 +0530 [debug] ([34mcoverage.js[0m) [31mWriting coverage.[0m
2023-03-09 14:51:44.886 +0530 [debug] ([34mcoverage.js[0m) [31mWriting coverage.[0m
2023-03-09 14:51:45.400 +0530 [debug] ([34mcoverage.js[0m) [31mWriting coverage.[0m
2023-03-09 14:51:45.914 +0530 [debug] ([34mcoverage.js[0m) [31mWriting coverage.[0m
2023-03-09 14:51:46.421 +0530 [debug] ([34mcoverage.js[0m) [31mWriting coverage.[0m
2023-03-09 14:51:46.936 +0530 [debug] ([34mcoverage.js[0m) [31mWriting coverage.[0m
2023-03-09 14:51:47.450 +0530 [debug] ([34mcoverage.js[0m) [31mWriting coverage.[0m
2023-03-09 14:51:47.954 +0530 [debug] ([34mcoverage.js[0m) [31mWriting coverage.[0m
2023-03-09 14:51:48.458 +0530 [debug] ([34mcoverage.js[0m) [31mWriting coverage.[0m
2023-03-09 14:51:48.962 +0530 [debug] ([34mcoverage.js[0m) [31mWriting coverage.[0m
2023-03-09 14:51:49.468 +0530 [debug] ([34mcoverage.js[0m) [31mWriting coverage.[0m
2023-03-09 14:51:49.980 +0530 [debug] ([34mcoverage.js[0m) [31mWriting coverage.[0m
2023-03-09 14:51:50.483 +0530 [debug] ([34mcoverage.js[0m) [31mWriting coverage.[0m
2023-03-09 14:51:50.982 +0530 [debug] ([34mcoverage.js[0m) [31mWriting coverage.[0m
2023-03-09 14:51:51.487 +0530 [debug] ([34mcoverage.js[0m) [31mWriting coverage.[0m
2023-03-09 14:51:52.000 +0530 [debug] ([34mcoverage.js[0m) [31mWriting coverage.[0m
2023-03-09 14:51:52.503 +0530 [debug] ([34mcoverage.js[0m) [31mWriting coverage.[0m
2023-03-09 14:51:53.017 +0530 [debug] ([34mcoverage.js[0m) [31mWriting coverage.[0m
2023-03-09 14:51:53.518 +0530 [debug] ([34mcoverage.js[0m) [31mWriting coverage.[0m
2023-03-09 14:51:54.028 +0530 [debug] ([34mcoverage.js[0m) [31mWriting coverage.[0m
2023-03-09 14:51:54.530 +0530 [debug] ([34mcoverage.js[0m) [31mWriting coverage.[0m
2023-03-09 14:51:55.034 +0530 [debug] ([34mcoverage.js[0m) [31mWriting coverage.[0m
2023-03-09 14:51:55.546 +0530 [debug] ([34mcoverage.js[0m) [31mWriting coverage.[0m
2023-03-09 14:51:56.051 +0530 [debug] ([34mcoverage.js[0m) [31mWriting coverage.[0m
2023-03-09 14:51:56.553 +0530 [debug] ([34mcoverage.js[0m) [31mWriting coverage.[0m
2023-03-09 14:51:57.063 +0530 [debug] ([34mcoverage.js[0m) [31mWriting coverage.[0m
2023-03-09 14:51:57.578 +0530 [debug] ([34mcoverage.js[0m) [31mWriting coverage.[0m
2023-03-09 14:51:58.058 +0530 [debug] ([34mdata.js[0m) [31mRead {}[0m
2023-03-09 14:51:58.058 +0530 [debug] ([34mbeevents.js[0m) [31mUsing {} as iparams for testing.[0m
2023-03-09 14:51:58.058 +0530 [debug] ([34mbeevents.js[0m) [31mCalling event handler with {"categoryName":"productEvent","categoryArgs":{"methodName":"onTopicCreate","methodParams":{"region":"AUS","data":{"topic":{"stamp_type":null,"body":" Sample Topic ","forum_visibility":1,"published":true,"replied_by":276,"last_post_id":740,"forum_category_id":88,"locked":false,"forum_id":29,"user_id":276,"replied_at":"2021-10-29T11:06:13Z","id":163,"account_id":13,"merged_topic_ids":[],"hits":0,"sticky":0,"delta":true,"created_at":"2021-10-29T11:06:13Z","title":"gdfdgfh","user_votes":0,"posts_count":1,"updated_at":"2021-10-29T11:06:13Z","company_ids":[]},"associations":{"forum":{"name":"Announcements","forum_type":4,"description_html":"<p>General helpdesk announcements to the customers.</p>","forum_visibility":1,"description":"General helpdesk announcements to the customers.","forum_category_id":88,"topics_count":8,"id":29,"account_id":13,"position":1,"posts_count":9}},"actor":{"sanitized_phone":null,"company_id":null,"first_name":"Rachel","org_contact_id":null,"org_agent_id":"36","last_seen_at":null,"city":null,"name":"Rachel","failed_login_count":0,"blocked_at":null,"customer_id":null,"email":"rachel@freshdesk.com","state":null,"parent_id":0,"description":null,"job_title":null,"tags":[],"current_login_ip":"13.234.188.330","timezone":"Asia/Kolkata","privileges":"1234567","whitelisted":false,"visitor_id":null,"twitter_id":null,"country":null,"user_role":null,"current_login_at":"2021-10-29T09:28:20Z","fb_profile_id":null,"last_login_at":"2021-10-28T17:43:05Z","other_emails":[],"id":276,"account_id":13,"language":"en","last_name":null,"second_email":null,"last_login_ip":"11.222.333.444","other_company_ids":[],"extn":null,"login_count":10,"preferences":{"agent_preferences":{"field_service":{"dismissed_sample_scheduling_dashboard":false},"shortcuts_mapping":[],"gdpr_acceptance":false,"falcon_ui":false,"show_onBoarding":true,"notification_timestamp":null,"undo_send":false,"show_monthly_to_annual_notification":false,"focus_mode":true,"search_settings":{"tickets":{"include_attachment_names":true,"include_description":true,"include_notes":true,"include_other_properties":true,"archive":true,"include_subject":true}},"gdpr_admin_id":510,"show_loyalty_upgrade":false,"shortcuts_enabled":true},"user_preferences":{"was_agent":false,"agent_deleted_forever":false,"marked_for_hard_delete":false}},"delta":true,"external_id":null,"address":null,"blocked":false,"created_at":"2021-09-21T17:09:29Z","import_id":null,"posts_count":2,"type":"agent","helpdesk_agent":true,"updated_at":"2021-09-21T17:10:33Z","mobile":null,"deleted_at":null,"time_zone":"Chennai","deleted":false,"phone":null,"unique_external_id":null,"sanitized_mobile":null,"active":true}},"account_id":"13","domain":"sample.freshdesk.com","event":"onTopicCreate","timestamp":1635505573.8603826,"version":"1.0.4","iparams":{}}}}[0m
2023-03-09 14:51:58.059 +0530 [debug] ([34mcoverage.js[0m) [31mInstrumenting C:\Users\Admin\Desktop\FreshWorks\serverless\server\server.js[0m
2023-03-09 14:51:58.072 +0530 [error] server.js:149
    console.log(args['data']['tpoic']['stamp_type']);
                                     ^

TypeError: Cannot read properties of undefined (reading 'stamp_type')
    at Object.onTopicCreateCallback (server.js:149:38)
    at server.js:2:43
    at server.js:4:7
    at Script.runInContext (node:vm:141:12)
    at ProductEvent.sandboxExecutor (C:\Users\Admin\AppData\Roaming\npm\node_modules\fdk\lib\event_handler\framework.js:236:25)
    at ProductEvent.execute (C:\Users\Admin\AppData\Roaming\npm\node_modules\fdk\lib\event_handler\framework.js:230:10)
    at ProductEvent.execute (C:\Users\Admin\AppData\Roaming\npm\node_modules\fdk\lib\event_handler\framework.js:329:13)
    at handler (C:\Users\Admin\AppData\Roaming\npm\node_modules\fdk\lib\event_handler\framework.js:373:11)
    at handleRequest (C:\Users\Admin\AppData\Roaming\npm\node_modules\fdk\lib\routes\beevents.js:108:3)
    at Layer.handle [as handle_request] (C:\Users\Admin\AppData\Roaming\npm\node_modules\fdk\node_modules\express\lib\router\layer.js:95:5)
2023-03-09 14:51:58.090 +0530 [debug] ([34mcoverage.js[0m) [31mWriting coverage.[0m
2023-03-09 14:51:58.565 +0530 [debug] ([34mcoverage.js[0m) [31mWriting coverage.[0m
2023-03-09 14:51:58.602 +0530 [debug] ([34mcoverage.js[0m) [31mWriting coverage.[0m
2023-03-09 14:52:24.329 +0530 [debug] ([34mdata.js[0m) [31mRead {}[0m
2023-03-09 14:52:24.329 +0530 [debug] ([34mbeevents.js[0m) [31mUsing {} as iparams for testing.[0m
2023-03-09 14:52:24.329 +0530 [debug] ([34mbeevents.js[0m) [31mCalling event handler with {"categoryName":"productEvent","categoryArgs":{"methodName":"onTopicCreate","methodParams":{"region":"AUS","data":{"topic":{"stamp_type":null,"body":" Sample Topic ","forum_visibility":1,"published":true,"replied_by":276,"last_post_id":740,"forum_category_id":88,"locked":false,"forum_id":29,"user_id":276,"replied_at":"2021-10-29T11:06:13Z","id":163,"account_id":13,"merged_topic_ids":[],"hits":0,"sticky":0,"delta":true,"created_at":"2021-10-29T11:06:13Z","title":"gdfdgfh","user_votes":0,"posts_count":1,"updated_at":"2021-10-29T11:06:13Z","company_ids":[]},"associations":{"forum":{"name":"Announcements","forum_type":4,"description_html":"<p>General helpdesk announcements to the customers.</p>","forum_visibility":1,"description":"General helpdesk announcements to the customers.","forum_category_id":88,"topics_count":8,"id":29,"account_id":13,"position":1,"posts_count":9}},"actor":{"sanitized_phone":null,"company_id":null,"first_name":"Rachel","org_contact_id":null,"org_agent_id":"36","last_seen_at":null,"city":null,"name":"Rachel","failed_login_count":0,"blocked_at":null,"customer_id":null,"email":"rachel@freshdesk.com","state":null,"parent_id":0,"description":null,"job_title":null,"tags":[],"current_login_ip":"13.234.188.330","timezone":"Asia/Kolkata","privileges":"1234567","whitelisted":false,"visitor_id":null,"twitter_id":null,"country":null,"user_role":null,"current_login_at":"2021-10-29T09:28:20Z","fb_profile_id":null,"last_login_at":"2021-10-28T17:43:05Z","other_emails":[],"id":276,"account_id":13,"language":"en","last_name":null,"second_email":null,"last_login_ip":"11.222.333.444","other_company_ids":[],"extn":null,"login_count":10,"preferences":{"agent_preferences":{"field_service":{"dismissed_sample_scheduling_dashboard":false},"shortcuts_mapping":[],"gdpr_acceptance":false,"falcon_ui":false,"show_onBoarding":true,"notification_timestamp":null,"undo_send":false,"show_monthly_to_annual_notification":false,"focus_mode":true,"search_settings":{"tickets":{"include_attachment_names":true,"include_description":true,"include_notes":true,"include_other_properties":true,"archive":true,"include_subject":true}},"gdpr_admin_id":510,"show_loyalty_upgrade":false,"shortcuts_enabled":true},"user_preferences":{"was_agent":false,"agent_deleted_forever":false,"marked_for_hard_delete":false}},"delta":true,"external_id":null,"address":null,"blocked":false,"created_at":"2021-09-21T17:09:29Z","import_id":null,"posts_count":2,"type":"agent","helpdesk_agent":true,"updated_at":"2021-09-21T17:10:33Z","mobile":null,"deleted_at":null,"time_zone":"Chennai","deleted":false,"phone":null,"unique_external_id":null,"sanitized_mobile":null,"active":true}},"account_id":"13","domain":"sample.freshdesk.com","event":"onTopicCreate","timestamp":1635505573.8603826,"version":"1.0.4","iparams":{}}}}[0m
2023-03-09 14:52:24.330 +0530 [debug] ([34mcoverage.js[0m) [31mInstrumenting C:\Users\Admin\Desktop\FreshWorks\serverless\server\server.js[0m
2023-03-09 14:52:24.847 +0530 [debug] ([34mcoverage.js[0m) [31mWriting coverage.[0m
2023-03-09 14:53:29.858 +0530 [debug] ([34mdata.js[0m) [31mRead {}[0m
2023-03-09 14:53:29.858 +0530 [debug] ([34mbeevents.js[0m) [31mUsing {} as iparams for testing.[0m
2023-03-09 14:53:29.858 +0530 [debug] ([34mbeevents.js[0m) [31mCalling event handler with {"categoryName":"productEvent","categoryArgs":{"methodName":"onTopicCreate","methodParams":{"region":"AUS","data":{"topic":{"stamp_type":null,"body":" Sample Topic ","forum_visibility":1,"published":true,"replied_by":276,"last_post_id":740,"forum_category_id":88,"locked":false,"forum_id":29,"user_id":276,"replied_at":"2021-10-29T11:06:13Z","id":163,"account_id":13,"merged_topic_ids":[],"hits":0,"sticky":0,"delta":true,"created_at":"2021-10-29T11:06:13Z","title":"gdfdgfh","user_votes":0,"posts_count":1,"updated_at":"2021-10-29T11:06:13Z","company_ids":[]},"associations":{"forum":{"name":"Announcements","forum_type":4,"description_html":"<p>General helpdesk announcements to the customers.</p>","forum_visibility":1,"description":"General helpdesk announcements to the customers.","forum_category_id":88,"topics_count":8,"id":29,"account_id":13,"position":1,"posts_count":9}},"actor":{"sanitized_phone":null,"company_id":null,"first_name":"Rachel","org_contact_id":null,"org_agent_id":"36","last_seen_at":null,"city":null,"name":"Rachel","failed_login_count":0,"blocked_at":null,"customer_id":null,"email":"rachel@freshdesk.com","state":null,"parent_id":0,"description":null,"job_title":null,"tags":[],"current_login_ip":"13.234.188.330","timezone":"Asia/Kolkata","privileges":"1234567","whitelisted":false,"visitor_id":null,"twitter_id":null,"country":null,"user_role":null,"current_login_at":"2021-10-29T09:28:20Z","fb_profile_id":null,"last_login_at":"2021-10-28T17:43:05Z","other_emails":[],"id":276,"account_id":13,"language":"en","last_name":null,"second_email":null,"last_login_ip":"11.222.333.444","other_company_ids":[],"extn":null,"login_count":10,"preferences":{"agent_preferences":{"field_service":{"dismissed_sample_scheduling_dashboard":false},"shortcuts_mapping":[],"gdpr_acceptance":false,"falcon_ui":false,"show_onBoarding":true,"notification_timestamp":null,"undo_send":false,"show_monthly_to_annual_notification":false,"focus_mode":true,"search_settings":{"tickets":{"include_attachment_names":true,"include_description":true,"include_notes":true,"include_other_properties":true,"archive":true,"include_subject":true}},"gdpr_admin_id":510,"show_loyalty_upgrade":false,"shortcuts_enabled":true},"user_preferences":{"was_agent":false,"agent_deleted_forever":false,"marked_for_hard_delete":false}},"delta":true,"external_id":null,"address":null,"blocked":false,"created_at":"2021-09-21T17:09:29Z","import_id":null,"posts_count":2,"type":"agent","helpdesk_agent":true,"updated_at":"2021-09-21T17:10:33Z","mobile":null,"deleted_at":null,"time_zone":"Chennai","deleted":false,"phone":null,"unique_external_id":null,"sanitized_mobile":null,"active":true}},"account_id":"13","domain":"sample.freshdesk.com","event":"onTopicCreate","timestamp":1635505573.8603826,"version":"1.0.4","iparams":{}}}}[0m
2023-03-09 14:53:29.859 +0530 [debug] ([34mcoverage.js[0m) [31mInstrumenting C:\Users\Admin\Desktop\FreshWorks\serverless\server\server.js[0m
2023-03-09 14:53:30.370 +0530 [debug] ([34mcoverage.js[0m) [31mWriting coverage.[0m
2023-03-09 14:53:51.283 +0530 [debug] ([34mdata.js[0m) [31mRead {}[0m
2023-03-09 14:53:51.283 +0530 [debug] ([34mbeevents.js[0m) [31mUsing {} as iparams for testing.[0m
2023-03-09 14:53:51.283 +0530 [debug] ([34mbeevents.js[0m) [31mCalling event handler with {"categoryName":"productEvent","categoryArgs":{"methodName":"onTopicCreate","methodParams":{"region":"AUS","data":{"topic":{"stamp_type":null,"body":" Sample Topic ","forum_visibility":1,"published":true,"replied_by":276,"last_post_id":740,"forum_category_id":88,"locked":false,"forum_id":29,"user_id":276,"replied_at":"2021-10-29T11:06:13Z","id":163,"account_id":13,"merged_topic_ids":[],"hits":0,"sticky":0,"delta":true,"created_at":"2021-10-29T11:06:13Z","title":"gdfdgfh","user_votes":0,"posts_count":1,"updated_at":"2021-10-29T11:06:13Z","company_ids":[]},"associations":{"forum":{"name":"Announcements","forum_type":4,"description_html":"<p>General helpdesk announcements to the customers.</p>","forum_visibility":1,"description":"General helpdesk announcements to the customers.","forum_category_id":88,"topics_count":8,"id":29,"account_id":13,"position":1,"posts_count":9}},"actor":{"sanitized_phone":null,"company_id":null,"first_name":"Rachel","org_contact_id":null,"org_agent_id":"36","last_seen_at":null,"city":null,"name":"Rachel","failed_login_count":0,"blocked_at":null,"customer_id":null,"email":"rachel@freshdesk.com","state":null,"parent_id":0,"description":null,"job_title":null,"tags":[],"current_login_ip":"13.234.188.330","timezone":"Asia/Kolkata","privileges":"1234567","whitelisted":false,"visitor_id":null,"twitter_id":null,"country":null,"user_role":null,"current_login_at":"2021-10-29T09:28:20Z","fb_profile_id":null,"last_login_at":"2021-10-28T17:43:05Z","other_emails":[],"id":276,"account_id":13,"language":"en","last_name":null,"second_email":null,"last_login_ip":"11.222.333.444","other_company_ids":[],"extn":null,"login_count":10,"preferences":{"agent_preferences":{"field_service":{"dismissed_sample_scheduling_dashboard":false},"shortcuts_mapping":[],"gdpr_acceptance":false,"falcon_ui":false,"show_onBoarding":true,"notification_timestamp":null,"undo_send":false,"show_monthly_to_annual_notification":false,"focus_mode":true,"search_settings":{"tickets":{"include_attachment_names":true,"include_description":true,"include_notes":true,"include_other_properties":true,"archive":true,"include_subject":true}},"gdpr_admin_id":510,"show_loyalty_upgrade":false,"shortcuts_enabled":true},"user_preferences":{"was_agent":false,"agent_deleted_forever":false,"marked_for_hard_delete":false}},"delta":true,"external_id":null,"address":null,"blocked":false,"created_at":"2021-09-21T17:09:29Z","import_id":null,"posts_count":2,"type":"agent","helpdesk_agent":true,"updated_at":"2021-09-21T17:10:33Z","mobile":null,"deleted_at":null,"time_zone":"Chennai","deleted":false,"phone":null,"unique_external_id":null,"sanitized_mobile":null,"active":true}},"account_id":"13","domain":"sample.freshdesk.com","event":"onTopicCreate","timestamp":1635505573.8603826,"version":"1.0.4","iparams":{}}}}[0m
2023-03-09 14:53:51.284 +0530 [debug] ([34mcoverage.js[0m) [31mInstrumenting C:\Users\Admin\Desktop\FreshWorks\serverless\server\server.js[0m
2023-03-09 14:53:51.791 +0530 [debug] ([34mcoverage.js[0m) [31mWriting coverage.[0m
2023-03-09 14:55:04.858 +0530 [debug] ([34mmanifest.js[0m) [31mReloading manifest with {"platform-version":"2.3","product":{"freshdesk":{"events":{"onTicketCreate":{"handler":"onTicketCreateHandler"},"onTopicCreate":{"handler":"onTopicCreateCallback"}}}},"engines":{"node":"18.14.2","fdk":"9.0.0"}}.[0m
2023-03-09 14:55:04.858 +0530 [debug] ([34mmanifest.js[0m) [31mInferred db,backend as features.[0m
2023-03-09 14:55:04.858 +0530 [debug] ([34mwatcher.js[0m) [31mBroadcasted "{"file":"manifest.json"}" to all listeners.[0m
2023-03-09 14:59:48.492 +0530 [debug] ([34mmanifest.js[0m) [31mReloading manifest with {"platform-version":"2.3","product":{"freshdesk":{"events":{"onTicketCreate":{"handler":"onTicketCreateHandler"},"onTopicCreate":{"handler":"onTopicCreateCallback"},"onForumUpdate":{"handler":"onForumUpdateCallback"}}}},"engines":{"node":"18.14.2","fdk":"9.0.0"}}.[0m
2023-03-09 14:59:48.493 +0530 [debug] ([34mmanifest.js[0m) [31mInferred db,backend as features.[0m
2023-03-09 14:59:48.493 +0530 [debug] ([34mwatcher.js[0m) [31mBroadcasted "{"file":"manifest.json"}" to all listeners.[0m
2023-03-09 15:00:25.458 +0530 [debug] ([34mdata.js[0m) [31mRead {}[0m
2023-03-09 15:00:25.459 +0530 [debug] ([34miframe.js[0m) [31mResponding to product with {"configs":{},"displayName":"serverless","product":{"freshdesk":{"events":{"onTicketCreate":{"handler":"onTicketCreateHandler"},"onTopicCreate":{"handler":"onTopicCreateCallback"},"onForumUpdate":{"handler":"onForumUpdateCallback"}}}},"features":["db","backend"],"actions":false,"omni":false,"products":["freshdesk"],"platform":"2.3","isInstall":false,"v2":[]}[0m
2023-03-09 15:00:25.470 +0530 [debug] ([34mdata.js[0m) [31mRead {}[0m
2023-03-09 15:00:25.472 +0530 [debug] ([34miframe.js[0m) [31mResponding to product with {"configs":{},"displayName":"serverless","product":{"freshdesk":{"events":{"onTicketCreate":{"handler":"onTicketCreateHandler"},"onTopicCreate":{"handler":"onTopicCreateCallback"},"onForumUpdate":{"handler":"onForumUpdateCallback"}}}},"features":["db","backend"],"actions":false,"omni":false,"products":["freshdesk"],"platform":"2.3","isInstall":false,"v2":[]}[0m
2023-03-09 15:00:25.476 +0530 [debug] ([34mdata.js[0m) [31mRead {}[0m
2023-03-09 15:00:25.478 +0530 [debug] ([34miframe.js[0m) [31mResponding to product with {"configs":{},"displayName":"serverless","product":{"freshdesk":{"events":{"onTicketCreate":{"handler":"onTicketCreateHandler"},"onTopicCreate":{"handler":"onTopicCreateCallback"},"onForumUpdate":{"handler":"onForumUpdateCallback"}}}},"features":["db","backend"],"actions":false,"omni":false,"products":["freshdesk"],"platform":"2.3","isInstall":false,"v2":[]}[0m
2023-03-09 15:00:27.511 +0530 [debug] ([34mevent.js[0m) [31mFound ["onTicketCreateHandler","onTopicCreateCallback","onForumUpdateCallback"] as exported functions.[0m
2023-03-09 15:00:34.781 +0530 [debug] ([34mdata.js[0m) [31mRead {}[0m
2023-03-09 15:00:34.781 +0530 [debug] ([34mbeevents.js[0m) [31mUsing {} as iparams for testing.[0m
2023-03-09 15:00:34.781 +0530 [debug] ([34mbeevents.js[0m) [31mCalling event handler with {"categoryName":"productEvent","categoryArgs":{"methodName":"onForumUpdate","methodParams":{"region":"AUS","data":{"forum":{"name":"Sample Forum","forum_type":1,"description_html":"<p>this is a sample forum<</p>","forum_visibility":1,"description":"discuss all sort of things","forum_category_id":55,"topics_count":0,"id":30,"account_id":13,"position":5,"posts_count":0},"associations":{"forum_category":{"name":"Sports item Forums","description":"Default forum category, feel free to edit or delete it.","id":55,"account_id":13,"position":1,"created_at":"2017-11-21T10:11:15Z","updated_at":"2017-11-21T10:11:15Z"}},"actor":{"sanitized_phone":null,"company_id":null,"first_name":"Rachel","org_contact_id":null,"org_agent_id":"188","last_seen_at":null,"city":null,"name":"Rachel","failed_login_count":0,"blocked_at":null,"customer_id":null,"email":"rachel@freshdesk.com","state":null,"parent_id":0,"description":null,"job_title":null,"tags":[],"current_login_ip":"11.222.555.666","timezone":"Asia/Kolkata","privileges":"1234567","whitelisted":false,"visitor_id":null,"twitter_id":null,"country":null,"user_role":null,"current_login_at":"2021-10-29T09:28:20Z","fb_profile_id":null,"last_login_at":"2021-10-28T17:43:05Z","other_emails":[],"id":127,"account_id":13,"language":"en","last_name":null,"second_email":null,"last_login_ip":"13.222.333.555","other_company_ids":[],"extn":null,"login_count":10,"preferences":{"agent_preferences":{"field_service":{"dismissed_sample_scheduling_dashboard":false},"shortcuts_mapping":[],"gdpr_acceptance":false,"falcon_ui":false,"show_onBoarding":true,"notification_timestamp":null,"undo_send":false,"show_monthly_to_annual_notification":false,"focus_mode":true,"search_settings":{"tickets":{"include_attachment_names":true,"include_description":true,"include_notes":true,"include_other_properties":true,"archive":true,"include_subject":true}},"gdpr_admin_id":510,"show_loyalty_upgrade":false,"shortcuts_enabled":true},"user_preferences":{"was_agent":false,"agent_deleted_forever":false,"marked_for_hard_delete":false}},"delta":true,"external_id":null,"address":null,"blocked":false,"created_at":"2021-09-21T17:09:29Z","import_id":null,"posts_count":1,"type":"agent","helpdesk_agent":true,"updated_at":"2021-09-21T17:10:33Z","mobile":null,"deleted_at":null,"time_zone":"Chennai","deleted":false,"phone":null,"unique_external_id":null,"sanitized_mobile":null,"active":true},"changes":{"model_changes":{"name":["Sample Forum","Sample Forum updated"]},"system_changes":{},"misc_changes":{}}},"account_id":"13","domain":"sample.freshdesk.com","event":"onForumUpdate","timestamp":1635512217.2252584,"version":"1.0.2","iparams":{}}}}[0m
2023-03-09 15:00:34.781 +0530 [debug] ([34mcoverage.js[0m) [31mInstrumenting C:\Users\Admin\Desktop\FreshWorks\serverless\server\server.js[0m
2023-03-09 15:00:35.293 +0530 [debug] ([34mcoverage.js[0m) [31mWriting coverage.[0m
2023-03-09 15:01:03.687 +0530 [debug] ([34mdata.js[0m) [31mRead {}[0m
2023-03-09 15:01:03.687 +0530 [debug] ([34mbeevents.js[0m) [31mUsing {} as iparams for testing.[0m
2023-03-09 15:01:03.687 +0530 [debug] ([34mbeevents.js[0m) [31mCalling event handler with {"categoryName":"productEvent","categoryArgs":{"methodName":"onForumUpdate","methodParams":{"region":"AUS","data":{"forum":{"name":"Sample Forum","forum_type":1,"description_html":"<p>this is a sample forum<</p>","forum_visibility":1,"description":"discuss all sort of things","forum_category_id":55,"topics_count":0,"id":30,"account_id":13,"position":5,"posts_count":0},"associations":{"forum_category":{"name":"Sports item Forums","description":"Default forum category, feel free to edit or delete it.","id":55,"account_id":13,"position":1,"created_at":"2017-11-21T10:11:15Z","updated_at":"2017-11-21T10:11:15Z"}},"actor":{"sanitized_phone":null,"company_id":null,"first_name":"Rachel","org_contact_id":null,"org_agent_id":"188","last_seen_at":null,"city":null,"name":"Rachel","failed_login_count":0,"blocked_at":null,"customer_id":null,"email":"rachel@freshdesk.com","state":null,"parent_id":0,"description":null,"job_title":null,"tags":[],"current_login_ip":"11.222.555.666","timezone":"Asia/Kolkata","privileges":"1234567","whitelisted":false,"visitor_id":null,"twitter_id":null,"country":null,"user_role":null,"current_login_at":"2021-10-29T09:28:20Z","fb_profile_id":null,"last_login_at":"2021-10-28T17:43:05Z","other_emails":[],"id":127,"account_id":13,"language":"en","last_name":null,"second_email":null,"last_login_ip":"13.222.333.555","other_company_ids":[],"extn":null,"login_count":10,"preferences":{"agent_preferences":{"field_service":{"dismissed_sample_scheduling_dashboard":false},"shortcuts_mapping":[],"gdpr_acceptance":false,"falcon_ui":false,"show_onBoarding":true,"notification_timestamp":null,"undo_send":false,"show_monthly_to_annual_notification":false,"focus_mode":true,"search_settings":{"tickets":{"include_attachment_names":true,"include_description":true,"include_notes":true,"include_other_properties":true,"archive":true,"include_subject":true}},"gdpr_admin_id":510,"show_loyalty_upgrade":false,"shortcuts_enabled":true},"user_preferences":{"was_agent":false,"agent_deleted_forever":false,"marked_for_hard_delete":false}},"delta":true,"external_id":null,"address":null,"blocked":false,"created_at":"2021-09-21T17:09:29Z","import_id":null,"posts_count":1,"type":"agent","helpdesk_agent":true,"updated_at":"2021-09-21T17:10:33Z","mobile":null,"deleted_at":null,"time_zone":"Chennai","deleted":false,"phone":null,"unique_external_id":null,"sanitized_mobile":null,"active":true},"changes":{"model_changes":{"name":["Sample Forum","Sample Forum updated"]},"system_changes":{},"misc_changes":{}}},"account_id":"13","domain":"sample.freshdesk.com","event":"onForumUpdate","timestamp":1635512217.2252584,"version":"1.0.2","iparams":{}}}}[0m
2023-03-09 15:01:03.688 +0530 [debug] ([34mcoverage.js[0m) [31mInstrumenting C:\Users\Admin\Desktop\FreshWorks\serverless\server\server.js[0m
2023-03-09 15:01:03.699 +0530 [error] server.js:190
    console.log(payload.changes.model_changes);
                                ^

TypeError: Cannot read properties of undefined (reading 'model_changes')
    at Object.onForumUpdateCallback (server.js:190:33)
    at server.js:2:43
    at server.js:4:7
    at Script.runInContext (node:vm:141:12)
    at ProductEvent.sandboxExecutor (C:\Users\Admin\AppData\Roaming\npm\node_modules\fdk\lib\event_handler\framework.js:236:25)
    at ProductEvent.execute (C:\Users\Admin\AppData\Roaming\npm\node_modules\fdk\lib\event_handler\framework.js:230:10)
    at ProductEvent.execute (C:\Users\Admin\AppData\Roaming\npm\node_modules\fdk\lib\event_handler\framework.js:329:13)
    at handler (C:\Users\Admin\AppData\Roaming\npm\node_modules\fdk\lib\event_handler\framework.js:373:11)
    at handleRequest (C:\Users\Admin\AppData\Roaming\npm\node_modules\fdk\lib\routes\beevents.js:108:3)
    at Layer.handle [as handle_request] (C:\Users\Admin\AppData\Roaming\npm\node_modules\fdk\node_modules\express\lib\router\layer.js:95:5)
2023-03-09 15:01:04.204 +0530 [debug] ([34mcoverage.js[0m) [31mWriting coverage.[0m
2023-03-09 15:01:26.507 +0530 [debug] ([34mdata.js[0m) [31mRead {}[0m
2023-03-09 15:01:26.507 +0530 [debug] ([34mbeevents.js[0m) [31mUsing {} as iparams for testing.[0m
2023-03-09 15:01:26.507 +0530 [debug] ([34mbeevents.js[0m) [31mCalling event handler with {"categoryName":"productEvent","categoryArgs":{"methodName":"onForumUpdate","methodParams":{"region":"AUS","data":{"forum":{"name":"Sample Forum","forum_type":1,"description_html":"<p>this is a sample forum<</p>","forum_visibility":1,"description":"discuss all sort of things","forum_category_id":55,"topics_count":0,"id":30,"account_id":13,"position":5,"posts_count":0},"associations":{"forum_category":{"name":"Sports item Forums","description":"Default forum category, feel free to edit or delete it.","id":55,"account_id":13,"position":1,"created_at":"2017-11-21T10:11:15Z","updated_at":"2017-11-21T10:11:15Z"}},"actor":{"sanitized_phone":null,"company_id":null,"first_name":"Rachel","org_contact_id":null,"org_agent_id":"188","last_seen_at":null,"city":null,"name":"Rachel","failed_login_count":0,"blocked_at":null,"customer_id":null,"email":"rachel@freshdesk.com","state":null,"parent_id":0,"description":null,"job_title":null,"tags":[],"current_login_ip":"11.222.555.666","timezone":"Asia/Kolkata","privileges":"1234567","whitelisted":false,"visitor_id":null,"twitter_id":null,"country":null,"user_role":null,"current_login_at":"2021-10-29T09:28:20Z","fb_profile_id":null,"last_login_at":"2021-10-28T17:43:05Z","other_emails":[],"id":127,"account_id":13,"language":"en","last_name":null,"second_email":null,"last_login_ip":"13.222.333.555","other_company_ids":[],"extn":null,"login_count":10,"preferences":{"agent_preferences":{"field_service":{"dismissed_sample_scheduling_dashboard":false},"shortcuts_mapping":[],"gdpr_acceptance":false,"falcon_ui":false,"show_onBoarding":true,"notification_timestamp":null,"undo_send":false,"show_monthly_to_annual_notification":false,"focus_mode":true,"search_settings":{"tickets":{"include_attachment_names":true,"include_description":true,"include_notes":true,"include_other_properties":true,"archive":true,"include_subject":true}},"gdpr_admin_id":510,"show_loyalty_upgrade":false,"shortcuts_enabled":true},"user_preferences":{"was_agent":false,"agent_deleted_forever":false,"marked_for_hard_delete":false}},"delta":true,"external_id":null,"address":null,"blocked":false,"created_at":"2021-09-21T17:09:29Z","import_id":null,"posts_count":1,"type":"agent","helpdesk_agent":true,"updated_at":"2021-09-21T17:10:33Z","mobile":null,"deleted_at":null,"time_zone":"Chennai","deleted":false,"phone":null,"unique_external_id":null,"sanitized_mobile":null,"active":true},"changes":{"model_changes":{"name":["Sample Forum","Sample Forum updated"]},"system_changes":{},"misc_changes":{}}},"account_id":"13","domain":"sample.freshdesk.com","event":"onForumUpdate","timestamp":1635512217.2252584,"version":"1.0.2","iparams":{}}}}[0m
2023-03-09 15:01:26.508 +0530 [debug] ([34mcoverage.js[0m) [31mInstrumenting C:\Users\Admin\Desktop\FreshWorks\serverless\server\server.js[0m
2023-03-09 15:01:27.029 +0530 [debug] ([34mcoverage.js[0m) [31mWriting coverage.[0m
2023-03-09 15:01:59.156 +0530 [debug] ([34mmanifest.js[0m) [31mReloading manifest with {"platform-version":"2.3","product":{"freshdesk":{"events":{"onTicketCreate":{"handler":"onTicketCreateHandler"},"onTopicCreate":{"handler":"onTopicCreateCallback"},"onForumUpdate":{"handler":"onForumUpdateCallback"},"onForumCategoryUpdate":{"handler":"onForumCategoryUpdateCallback"}}}},"engines":{"node":"18.14.2","fdk":"9.0.0"}}.[0m
2023-03-09 15:01:59.157 +0530 [debug] ([34mmanifest.js[0m) [31mInferred db,backend as features.[0m
2023-03-09 15:01:59.157 +0530 [debug] ([34mwatcher.js[0m) [31mBroadcasted "{"file":"manifest.json"}" to all listeners.[0m
2023-03-09 15:02:34.606 +0530 [debug] ([34mdata.js[0m) [31mRead {}[0m
2023-03-09 15:02:34.607 +0530 [debug] ([34miframe.js[0m) [31mResponding to product with {"configs":{},"displayName":"serverless","product":{"freshdesk":{"events":{"onTicketCreate":{"handler":"onTicketCreateHandler"},"onTopicCreate":{"handler":"onTopicCreateCallback"},"onForumUpdate":{"handler":"onForumUpdateCallback"},"onForumCategoryUpdate":{"handler":"onForumCategoryUpdateCallback"}}}},"features":["db","backend"],"actions":false,"omni":false,"products":["freshdesk"],"platform":"2.3","isInstall":false,"v2":[]}[0m
2023-03-09 15:02:34.620 +0530 [debug] ([34mdata.js[0m) [31mRead {}[0m
2023-03-09 15:02:34.620 +0530 [debug] ([34miframe.js[0m) [31mResponding to product with {"configs":{},"displayName":"serverless","product":{"freshdesk":{"events":{"onTicketCreate":{"handler":"onTicketCreateHandler"},"onTopicCreate":{"handler":"onTopicCreateCallback"},"onForumUpdate":{"handler":"onForumUpdateCallback"},"onForumCategoryUpdate":{"handler":"onForumCategoryUpdateCallback"}}}},"features":["db","backend"],"actions":false,"omni":false,"products":["freshdesk"],"platform":"2.3","isInstall":false,"v2":[]}[0m
2023-03-09 15:02:34.624 +0530 [debug] ([34mdata.js[0m) [31mRead {}[0m
2023-03-09 15:02:34.625 +0530 [debug] ([34miframe.js[0m) [31mResponding to product with {"configs":{},"displayName":"serverless","product":{"freshdesk":{"events":{"onTicketCreate":{"handler":"onTicketCreateHandler"},"onTopicCreate":{"handler":"onTopicCreateCallback"},"onForumUpdate":{"handler":"onForumUpdateCallback"},"onForumCategoryUpdate":{"handler":"onForumCategoryUpdateCallback"}}}},"features":["db","backend"],"actions":false,"omni":false,"products":["freshdesk"],"platform":"2.3","isInstall":false,"v2":[]}[0m
2023-03-09 15:02:36.457 +0530 [debug] ([34mevent.js[0m) [31mFound ["onTicketCreateHandler","onTopicCreateCallback","onForumUpdateCallback","onForumCategoryUpdateCallback"] as exported functions.[0m
2023-03-09 15:02:39.996 +0530 [debug] ([34mdata.js[0m) [31mRead {}[0m
2023-03-09 15:02:39.996 +0530 [debug] ([34mbeevents.js[0m) [31mUsing {} as iparams for testing.[0m
2023-03-09 15:02:39.996 +0530 [debug] ([34mbeevents.js[0m) [31mCalling event handler with {"categoryName":"productEvent","categoryArgs":{"methodName":"onForumCategoryUpdate","methodParams":{"region":"AUS","data":{"forum_category":{"name":"Customer Forum","description":"discuss technical issues","id":434,"account_id":13,"position":2,"created_at":"2021-10-29T12:59:49Z","updated_at":"2021-10-29T12:59:49Z"},"associations":{},"actor":{"sanitized_phone":null,"company_id":null,"first_name":"Rachel","org_contact_id":null,"org_agent_id":"188","last_seen_at":null,"city":null,"name":"Rachel","failed_login_count":0,"blocked_at":null,"customer_id":null,"email":"rachel@freshdesk.com","state":null,"parent_id":0,"description":null,"job_title":null,"tags":[],"current_login_ip":"11.222.555.666","timezone":"Asia/Kolkata","privileges":"1234567","whitelisted":false,"visitor_id":null,"twitter_id":null,"country":null,"user_role":null,"current_login_at":"2021-10-29T09:28:20Z","fb_profile_id":null,"last_login_at":"2021-10-28T17:43:05Z","other_emails":[],"id":127,"account_id":13,"language":"en","last_name":null,"second_email":null,"last_login_ip":"10.333.555.111","other_company_ids":[],"extn":null,"login_count":10,"preferences":{"agent_preferences":{"field_service":{"dismissed_sample_scheduling_dashboard":false},"shortcuts_mapping":[],"gdpr_acceptance":false,"falcon_ui":false,"show_onBoarding":true,"notification_timestamp":null,"undo_send":false,"show_monthly_to_annual_notification":false,"focus_mode":true,"search_settings":{"tickets":{"include_attachment_names":true,"include_description":true,"include_notes":true,"include_other_properties":true,"archive":true,"include_subject":true}},"gdpr_admin_id":510,"show_loyalty_upgrade":false,"shortcuts_enabled":true},"user_preferences":{"was_agent":false,"agent_deleted_forever":false,"marked_for_hard_delete":false}},"delta":true,"external_id":null,"address":null,"blocked":false,"created_at":"2021-09-21T17:09:29Z","import_id":null,"posts_count":1,"type":"agent","helpdesk_agent":true,"updated_at":"2021-09-21T17:10:33Z","mobile":null,"deleted_at":null,"time_zone":"Chennai","deleted":false,"phone":null,"unique_external_id":null,"sanitized_mobile":null,"active":true},"changes":{"model_changes":{"name":["forum category","forum category updte"],"description":["sample forum","sample updated forum"],"updated_at":["2021-10-25T07:43:08-04:00","2021-10-25T07:43:18-04:00"]},"system_changes":{},"misc_changes":{}}},"account_id":"13","domain":"sample.freshdesk.com","event":"onForumCategoryUpdate","timestamp":1635512389.4465015,"version":"1.0.2","iparams":{}}}}[0m
2023-03-09 15:02:39.997 +0530 [debug] ([34mcoverage.js[0m) [31mInstrumenting C:\Users\Admin\Desktop\FreshWorks\serverless\server\server.js[0m
2023-03-09 15:02:40.513 +0530 [debug] ([34mcoverage.js[0m) [31mWriting coverage.[0m
2023-03-09 15:03:41.568 +0530 [debug] ([34mdata.js[0m) [31mRead {}[0m
2023-03-09 15:03:41.568 +0530 [debug] ([34mbeevents.js[0m) [31mUsing {} as iparams for testing.[0m
2023-03-09 15:03:41.568 +0530 [debug] ([34mbeevents.js[0m) [31mCalling event handler with {"categoryName":"productEvent","categoryArgs":{"methodName":"onForumCategoryUpdate","methodParams":{"region":"AUS","data":{"forum_category":{"name":"Customer Forum","description":"discuss technical issues","id":434,"account_id":13,"position":2,"created_at":"2021-10-29T12:59:49Z","updated_at":"2021-10-29T12:59:49Z"},"associations":{},"actor":{"sanitized_phone":null,"company_id":null,"first_name":"Rachel","org_contact_id":null,"org_agent_id":"188","last_seen_at":null,"city":null,"name":"Rachel","failed_login_count":0,"blocked_at":null,"customer_id":null,"email":"rachel@freshdesk.com","state":null,"parent_id":0,"description":null,"job_title":null,"tags":[],"current_login_ip":"11.222.555.666","timezone":"Asia/Kolkata","privileges":"1234567","whitelisted":false,"visitor_id":null,"twitter_id":null,"country":null,"user_role":null,"current_login_at":"2021-10-29T09:28:20Z","fb_profile_id":null,"last_login_at":"2021-10-28T17:43:05Z","other_emails":[],"id":127,"account_id":13,"language":"en","last_name":null,"second_email":null,"last_login_ip":"10.333.555.111","other_company_ids":[],"extn":null,"login_count":10,"preferences":{"agent_preferences":{"field_service":{"dismissed_sample_scheduling_dashboard":false},"shortcuts_mapping":[],"gdpr_acceptance":false,"falcon_ui":false,"show_onBoarding":true,"notification_timestamp":null,"undo_send":false,"show_monthly_to_annual_notification":false,"focus_mode":true,"search_settings":{"tickets":{"include_attachment_names":true,"include_description":true,"include_notes":true,"include_other_properties":true,"archive":true,"include_subject":true}},"gdpr_admin_id":510,"show_loyalty_upgrade":false,"shortcuts_enabled":true},"user_preferences":{"was_agent":false,"agent_deleted_forever":false,"marked_for_hard_delete":false}},"delta":true,"external_id":null,"address":null,"blocked":false,"created_at":"2021-09-21T17:09:29Z","import_id":null,"posts_count":1,"type":"agent","helpdesk_agent":true,"updated_at":"2021-09-21T17:10:33Z","mobile":null,"deleted_at":null,"time_zone":"Chennai","deleted":false,"phone":null,"unique_external_id":null,"sanitized_mobile":null,"active":true},"changes":{"model_changes":{"name":["forum category","forum category updte"],"description":["sample forum","sample updated forum"],"updated_at":["2021-10-25T07:43:08-04:00","2021-10-25T07:43:18-04:00"]},"system_changes":{},"misc_changes":{}}},"account_id":"13","domain":"sample.freshdesk.com","event":"onForumCategoryUpdate","timestamp":1635512389.4465015,"version":"1.0.2","iparams":{}}}}[0m
2023-03-09 15:03:41.568 +0530 [debug] ([34mcoverage.js[0m) [31mInstrumenting C:\Users\Admin\Desktop\FreshWorks\serverless\server\server.js[0m
2023-03-09 15:03:42.078 +0530 [debug] ([34mcoverage.js[0m) [31mWriting coverage.[0m
2023-03-09 15:07:34.570 +0530 [info] 
NOTE: We recommend a coverage of 80% for apps that are to be published in the public marketplace.
